Resource Usage Report
Part: lcmxo2_1200ze-2

Register bits: 331 of 1280 (26%)
Latch bits:      8
PIC Latch:       0
I/O cells:       6

Details:
BB:             3
CCU2D:          28
DP8KC:          1
EFB:            1
FD1P3AX:        8
FD1P3BX:        2
FD1P3DX:        201
FD1P3IX:        17
FD1S1AY:        8
FD1S3AX:        27
FD1S3AY:        1
FD1S3BX:        5
FD1S3DX:        43
FD1S3IX:        24
FD1S3JX:        1
GSR:            1
IB:             2
IFS1P3DX:       2
INV:            5
OB:             1
ORCALUT4:       490
OSCH:           1
PFUMX:          1
PUR:            1
VHI:            8
VLO:            8
