Starting process: Module

Starting process: 

SCUBA, Version Diamond_1.4_Production (87)
Thu Mar 22 22:48:24 2012

Copyright (c) 1991-1994 by NeoCAD Inc. All rights reserved.
Copyright (c) 1995 AT&T Corp.   All rights reserved.
Copyright (c) 1995-2001 Lucent Technologies Inc.  All rights reserved.
Copyright (c) 2001 Agere Systems   All rights reserved.
Copyright (c) 2002-2011 Lattice Semiconductor Corporation,  All rights reserved.

BEGIN SCUBA Module Synthesis

    Issued command   : C:\lscc\diamond\1.4\ispfpga\bin\nt\scuba.exe -w -n EFB_UFM -lang verilog -synth synplify -bus_exp 7 -bb -type efb -arch xo2c00 -freq 2.08 -ufm -ufm_ebr 0 -mem_size 511 -ufm_0 -dev 1200 -e 
    Circuit name     : EFB_UFM
    Module type      : efb
    Module Version   : 1.0
    Ports            : 
	Inputs       : wb_clk_i, wb_rst_i, wb_cyc_i, wb_stb_i, wb_we_i, wb_adr_i[7:0], wb_dat_i[7:0]
	Outputs      : wb_dat_o[7:0], wb_ack_o, wbc_ufm_irq
    I/O buffer       : not inserted
    EDIF output      : suppressed
    Verilog output   : EFB_UFM.v
    Verilog template : EFB_UFM_tmpl.v
    Verilog purpose  : for synthesis and simulation
    Bus notation     : big endian
    Report output    : EFB_UFM.srp
    Estimated Resource Usage:

END   SCUBA Module Synthesis

File: EFB_UFM.lpc created.


End process: completed successfully.


Total Warnings:  0

Total Errors:  0


