designverincludedir -clear
designverlibrarysim -PL -clear
designverlibrarysim -L -clear
designverlibrarysim -PL pmi_work
designverlibrarysim ovi_machxo2
designverdefinemacro -clear
addfile E:/work/controller_cpld/src/HEADER.v
# Adding file E:\work\controller_cpld\src\HEADER.v ... Done
addfile E:/work/controller_cpld/src/GPIO.v
# Adding file E:\work\controller_cpld\src\GPIO.v ... Done
addfile E:/work/controller_cpld/src/I2C.v
# Adding file E:\work\controller_cpld\src\I2C.v ... Done
addfile E:/work/controller_cpld/ip/USR_MEM.v
# Adding file E:\work\controller_cpld\ip\USR_MEM.v ... Done
addfile E:/work/controller_cpld/ip/EFB_UFM.v
# Adding file E:\work\controller_cpld\ip\EFB_UFM.v ... Done
addfile E:/work/controller_cpld/src/UFM_WB_top.v
# Adding file E:\work\controller_cpld\src\UFM_WB_top.v ... Done
addfile E:/work/controller_cpld/src/TOP.v
# Adding file E:\work\controller_cpld\src\TOP.v ... Done
addfile E:/work/controller_cpld/sim/i2c_master_registers.v
# Adding file E:\work\controller_cpld\sim\i2c_master_registers.v ... Done
addfile E:/work/controller_cpld/sim/i2c_master_bit_ctrl.v
# Adding file E:\work\controller_cpld\sim\i2c_master_bit_ctrl.v ... Done
addfile E:/work/controller_cpld/sim/i2c_master_byte_ctrl.v
# Adding file E:\work\controller_cpld\sim\i2c_master_byte_ctrl.v ... Done
addfile E:/work/controller_cpld/sim/i2c_master_wb_top.v
# Adding file E:\work\controller_cpld\sim\i2c_master_wb_top.v ... Done
addfile E:/work/controller_cpld/sim/DELAY.v
# Adding file E:\work\controller_cpld\sim\DELAY.v ... Done
addfile E:/work/controller_cpld/sim/wb_master.v
# Adding file E:\work\controller_cpld\sim\wb_master.v ... Done
addfile E:/work/controller_cpld/sim/tb_controller.v
# Adding file E:\work\controller_cpld\sim\tb_controller.v ... Done
addfile E:/work/controller_cpld/src/efb_define_def.v
# Adding file E:\work\controller_cpld\src\efb_define_def.v ... Done
addfile E:/work/controller_cpld/sim/i2c_master_defines.v
# Adding file E:\work\controller_cpld\sim\i2c_master_defines.v ... Done
vlib E:/work/controller_cpld/bld/controller_active/work
# Warning: Library work already exists
adel -all
# Library contents cleared.
vlog -dbg -work work E:/work/controller_cpld/src/HEADER.v
# Compile...
# Pass 1. Scanning modules hierarchy.
# Pass 2. Processing instantiations.
# Pass 3. Processing behavioral statements.
# ELB/DAG code generating.
# Unit top modules: HEADER.
# $root top modules: HEADER.
# Compile success 0 Errors 0 Warnings  Analysis time: 0[s].
# done
vlog -dbg -work work E:/work/controller_cpld/src/GPIO.v
# Compile...
# Pass 1. Scanning modules hierarchy.
# Info: VCP2113 Module \$root found in current working library.
# Pass 2. Processing instantiations.
# Pass 3. Processing behavioral statements.
# ELB/DAG code generating.
# Info: VCP2113 Module \$root found in current working library.
# Info: VCP2113 Module HEADER found in current working library.
# Unit top modules: GPIO.
# $root top modules: HEADER GPIO.
# Compile success 0 Errors 0 Warnings  Analysis time: 0[s].
# done
vlog -dbg -work work E:/work/controller_cpld/src/I2C.v
# Compile...
# Pass 1. Scanning modules hierarchy.
# Info: VCP2113 Module \$root found in current working library.
# Pass 2. Processing instantiations.
# Pass 3. Processing behavioral statements.
# Parameters in case labels, will not check for overlapping labels (E:/work/controller_cpld/src/I2C.v, ln 365).
# ELB/DAG code generating.
# Info: VCP2113 Module \$root found in current working library.
# Info: VCP2113 Module HEADER found in current working library.
# Info: VCP2113 Module GPIO found in current working library.
# Unit top modules: I2C.
# $root top modules: HEADER GPIO I2C.
# Compile success 0 Errors 0 Warnings  Analysis time: 0[s].
# done
vlog -dbg E:/work/controller_cpld/ip/USR_MEM.v
# Compile...
# Pass 1. Scanning modules hierarchy.
# Info: VCP2113 Module \$root found in current working library.
# Pass 2. Processing instantiations.
# Pass 3. Processing behavioral statements.
# ELB/DAG code generating.
# Info: VCP2113 Module \$root found in current working library.
# Info: VCP2113 Module HEADER found in current working library.
# Info: VCP2113 Module GPIO found in current working library.
# Info: VCP2113 Module I2C found in current working library.
# Unit top modules: USR_MEM.
# $root top modules: HEADER GPIO I2C USR_MEM.
# Compile success 0 Errors 0 Warnings  Analysis time: 0[s].
# done
vlog -dbg E:/work/controller_cpld/ip/EFB_UFM.v
# Compile...
# Pass 1. Scanning modules hierarchy.
# Info: VCP2113 Module \$root found in current working library.
# Pass 2. Processing instantiations.
# Pass 3. Processing behavioral statements.
# ELB/DAG code generating.
# Info: VCP2113 Module \$root found in current working library.
# Info: VCP2113 Module HEADER found in current working library.
# Info: VCP2113 Module GPIO found in current working library.
# Info: VCP2113 Module I2C found in current working library.
# Info: VCP2113 Module USR_MEM found in current working library.
# Unit top modules: EFB_UFM.
# $root top modules: HEADER GPIO I2C USR_MEM EFB_UFM.
# Compile success 0 Errors 0 Warnings  Analysis time: 0[s].
# done
vlog -dbg E:/work/controller_cpld/src/UFM_WB_top.v
# Compile...
# Pass 1. Scanning modules hierarchy.
# Info: VCP2113 Module \$root found in current working library.
# Info: VCP2113 Module EFB_UFM found in current working library.
# Info: VCP2113 Module USR_MEM found in current working library.
# Pass 2. Processing instantiations.
# Pass 3. Processing behavioral statements.
# ELB/DAG code generating.
# Info: VCP2113 Module \$root found in current working library.
# Info: VCP2113 Module HEADER found in current working library.
# Info: VCP2113 Module GPIO found in current working library.
# Info: VCP2113 Module I2C found in current working library.
# Unit top modules: UFM_WB.
# $root top modules: HEADER GPIO I2C UFM_WB.
# Compile success 0 Errors 0 Warnings  Analysis time: 0[s].
# done
vlog -dbg -work work E:/work/controller_cpld/src/TOP.v
# Compile...
# Pass 1. Scanning modules hierarchy.
# Info: VCP2113 Module \$root found in current working library.
# Info: VCP2113 Module UFM_WB found in current working library.
# Info: VCP2113 Module EFB_UFM found in current working library.
# Info: VCP2113 Module USR_MEM found in current working library.
# Info: VCP2113 Module I2C found in current working library.
# Info: VCP2113 Module GPIO found in current working library.
# Info: VCP2113 Module HEADER found in current working library.
# Info: VCP2113 Module EFB_UFM found in current working library.
# Info: VCP2113 Module USR_MEM found in current working library.
# Pass 2. Processing instantiations.
# Pass 3. Processing behavioral statements.
# ELB/DAG code generating.
# Info: VCP2113 Module \$root found in current working library.
# Unit top modules: TOP.
# $root top modules: TOP.
# Compile success 0 Errors 0 Warnings  Analysis time: 0[s].
# done
vlog -dbg E:/work/controller_cpld/sim/i2c_master_registers.v
# Compile...
# Pass 1. Scanning modules hierarchy.
# Info: VCP2113 Module \$root found in current working library.
# Pass 2. Processing instantiations.
# Pass 3. Processing behavioral statements.
# ELB/DAG code generating.
# Info: VCP2113 Module \$root found in current working library.
# Info: VCP2113 Module TOP found in current working library.
# Unit top modules: i2c_master_registers.
# $root top modules: TOP i2c_master_registers.
# Compile success 0 Errors 0 Warnings  Analysis time: 0[s].
# done
vlog -dbg E:/work/controller_cpld/sim/i2c_master_bit_ctrl.v
# Compile...
# Pass 1. Scanning modules hierarchy.
# Info: VCP2113 Module \$root found in current working library.
# Pass 2. Processing instantiations.
# Pass 3. Processing behavioral statements.
# Parameters in case labels, will not check for overlapping labels (E:/work/controller_cpld/sim/i2c_master_bit_ctrl.v, ln 399).
# ELB/DAG code generating.
# Info: VCP2113 Module \$root found in current working library.
# Info: VCP2113 Module TOP found in current working library.
# Info: VCP2113 Module i2c_master_registers found in current working library.
# Unit top modules: i2c_master_bit_ctrl.
# $root top modules: TOP i2c_master_registers i2c_master_bit_ctrl.
# Compile success 0 Errors 0 Warnings  Analysis time: 0[s].
# done
vlog -dbg E:/work/controller_cpld/sim/i2c_master_byte_ctrl.v
# Compile...
# Pass 1. Scanning modules hierarchy.
# Info: VCP2113 Module \$root found in current working library.
# Pass 2. Processing instantiations.
# Pass 3. Processing behavioral statements.
# Parameters in case labels, will not check for overlapping labels (E:/work/controller_cpld/sim/i2c_master_byte_ctrl.v, ln 280).
# ELB/DAG code generating.
# Info: VCP2113 Module \$root found in current working library.
# Info: VCP2113 Module TOP found in current working library.
# Info: VCP2113 Module i2c_master_registers found in current working library.
# Info: VCP2113 Module i2c_master_bit_ctrl found in current working library.
# Unit top modules: i2c_master_byte_ctrl.
# $root top modules: TOP i2c_master_registers i2c_master_bit_ctrl i2c_master_byte_ctrl.
# Compile success 0 Errors 0 Warnings  Analysis time: 0[s].
# done
vlog -dbg E:/work/controller_cpld/sim/i2c_master_wb_top.v
# Compile...
# Pass 1. Scanning modules hierarchy.
# Info: VCP2113 Module \$root found in current working library.
# Info: VCP2113 Module i2c_master_byte_ctrl found in current working library.
# Info: VCP2113 Module i2c_master_bit_ctrl found in current working library.
# Info: VCP2113 Module i2c_master_registers found in current working library.
# Pass 2. Processing instantiations.
# Pass 3. Processing behavioral statements.
# ELB/DAG code generating.
# Info: VCP2113 Module \$root found in current working library.
# Info: VCP2113 Module TOP found in current working library.
# Unit top modules: i2c_master_wb_top.
# $root top modules: TOP i2c_master_wb_top.
# Compile success 0 Errors 0 Warnings  Analysis time: 0[s].
# done
vlog -dbg E:/work/controller_cpld/sim/DELAY.v
# Compile...
# Pass 1. Scanning modules hierarchy.
# Info: VCP2113 Module \$root found in current working library.
# Pass 2. Processing instantiations.
# Pass 3. Processing behavioral statements.
# ELB/DAG code generating.
# Info: VCP2113 Module \$root found in current working library.
# Info: VCP2113 Module TOP found in current working library.
# Info: VCP2113 Module i2c_master_wb_top found in current working library.
# Unit top modules: DELAY.
# $root top modules: TOP i2c_master_wb_top DELAY.
# Compile success 0 Errors 0 Warnings  Analysis time: 0[s].
# done
vlog -dbg E:/work/controller_cpld/sim/wb_master.v
# Compile...
# Pass 1. Scanning modules hierarchy.
# Info: VCP2113 Module \$root found in current working library.
# Info: VCP2113 Module DELAY found in current working library.
# Pass 2. Processing instantiations.
# Pass 3. Processing behavioral statements.
# Parameters in case labels, will not check for overlapping labels (E:/work/controller_cpld/sim/wb_master.v, ln 145).
# ELB/DAG code generating.
# Info: VCP2113 Module \$root found in current working library.
# Info: VCP2113 Module TOP found in current working library.
# Info: VCP2113 Module i2c_master_wb_top found in current working library.
# Unit top modules: wb_master.
# $root top modules: TOP i2c_master_wb_top wb_master.
# Compile success 0 Errors 0 Warnings  Analysis time: 0[s].
# done
vlog -dbg E:/work/controller_cpld/sim/tb_controller.v
# Compile...
# Pass 1. Scanning modules hierarchy.
# Info: VCP2113 Module \$root found in current working library.
# Info: VCP2113 Module wb_master found in current working library.
# Info: VCP2113 Module DELAY found in current working library.
# Info: VCP2113 Module i2c_master_wb_top found in current working library.
# Info: VCP2113 Module i2c_master_byte_ctrl found in current working library.
# Info: VCP2113 Module i2c_master_bit_ctrl found in current working library.
# Info: VCP2113 Module i2c_master_registers found in current working library.
# Info: VCP2113 Module TOP found in current working library.
# Info: VCP2113 Module UFM_WB found in current working library.
# Info: VCP2113 Module I2C found in current working library.
# Info: VCP2113 Module GPIO found in current working library.
# Info: VCP2113 Module HEADER found in current working library.
# Info: VCP2113 Module DELAY found in current working library.
# Info: VCP2113 Module i2c_master_byte_ctrl found in current working library.
# Info: VCP2113 Module i2c_master_bit_ctrl found in current working library.
# Info: VCP2113 Module i2c_master_registers found in current working library.
# Info: VCP2113 Module UFM_WB found in current working library.
# Info: VCP2113 Module EFB_UFM found in current working library.
# Info: VCP2113 Module USR_MEM found in current working library.
# Info: VCP2113 Module I2C found in current working library.
# Info: VCP2113 Module GPIO found in current working library.
# Info: VCP2113 Module HEADER found in current working library.
# Info: VCP2113 Module EFB_UFM found in current working library.
# Info: VCP2113 Module USR_MEM found in current working library.
# Pass 2. Processing instantiations.
# Pass 3. Processing behavioral statements.
# ELB/DAG code generating.
# Info: VCP2113 Module \$root found in current working library.
# Unit top modules: tb_controller.
# $root top modules: tb_controller.
# Compile success 0 Errors 0 Warnings  Analysis time: 0[s].
# done
vlog -dbg E:/work/controller_cpld/src/efb_define_def.v
# Compile...
# Pass 1. Scanning modules hierarchy.
# Info: VCP2113 Module \$root found in current working library.
# Pass 2. Processing instantiations.
# Pass 3. Processing behavioral statements.
# Warning: VCP2640 No modules defined.
# ELB/DAG code generating.
# Info: VCP2113 Module \$root found in current working library.
# Info: VCP2113 Module tb_controller found in current working library.
# $root top modules: tb_controller.
# Compile success 0 Errors 1 Warnings  Analysis time: 0[s].
# done
vlog -dbg E:/work/controller_cpld/sim/i2c_master_defines.v
# Compile...
# Pass 1. Scanning modules hierarchy.
# Info: VCP2113 Module \$root found in current working library.
# Pass 2. Processing instantiations.
# Pass 3. Processing behavioral statements.
# Warning: VCP2640 No modules defined.
# ELB/DAG code generating.
# Info: VCP2113 Module \$root found in current working library.
# Info: VCP2113 Module tb_controller found in current working library.
# $root top modules: tb_controller.
# Compile success 0 Errors 1 Warnings  Analysis time: 0[s].
# done
module tb_controller
# ELBREAD: Elaboration process.
# ELBREAD: Warning: Module 'efb_top' does not have a `timescale directive, but previous modules do.
# ELBREAD: Warning: Module 'spare_gate_efb_0' does not have a `timescale directive, but previous modules do.
# ELBREAD: Warning: Module 'spare_gate_efb_1' does not have a `timescale directive, but previous modules do.
# ELBREAD: Warning: Module 'spare_gate_efb_2' does not have a `timescale directive, but previous modules do.
# ELBREAD: Warning: Module 'spare_gate_efb_3' does not have a `timescale directive, but previous modules do.
# ELBREAD: Elaboration time 0.2 [s].
vsim +access +r tb_controller -PL pmi_work -L ovi_machxo2
# ELBREAD: Elaboration process.
# ELBREAD: Warning: Module 'efb_top' does not have a `timescale directive, but previous modules do.
# ELBREAD: Warning: Module 'spare_gate_efb_0' does not have a `timescale directive, but previous modules do.
# ELBREAD: Warning: Module 'spare_gate_efb_1' does not have a `timescale directive, but previous modules do.
# ELBREAD: Warning: Module 'spare_gate_efb_2' does not have a `timescale directive, but previous modules do.
# ELBREAD: Warning: Module 'spare_gate_efb_3' does not have a `timescale directive, but previous modules do.
# ELBREAD: Elaboration time 0.2 [s].
# vsim: Stack memory: 32MB
# vsim: Retval memory: 32MB
# 
# KERNEL: Main thread initiated.
# KERNEL: Kernel process initialization phase.
# KERNEL: Time resolution set to 1ps.
# ELAB2: Elaboration final pass...
# KERNEL: PLI/VHPI kernel's engine initialization done.
# PLI: Loading library 'D:\lscc\diamond\3.2_x64\active-hdl\bin\systf.dll'
# ELAB2: Create instances ...
# ELAB2: Create instances complete.
# SLP: Started
# SLP: Elaboration phase ...
# SLP: Warning: wb_master.v (104): Length of connection (32) does not match the length of port 'DISABLE_IN' (1) on instance '/tb_controller/u0/delay_ins'.
# SLP: Warning: TOP.v (59): Length of connection (32) does not match the length of port 'ufm_page' (11) on instance '/tb_controller/TOP_INST/UUT'.
# SLP: Warning: TOP.v (119): Length of connection (3) does not match the length of port 'GPIO_1' (8) on instance '/tb_controller/TOP_INST/GPIO_INST'.
# SLP: Warning: TOP.v (119): Length of connection (4) does not match the length of port 'GPIO_2' (8) on instance '/tb_controller/TOP_INST/GPIO_INST'.
# SLP: Warning: TOP.v (119): Length of connection (3) does not match the length of port 'GPIO_0' (8) on instance '/tb_controller/TOP_INST/GPIO_INST'.
# SLP: Warning: tb_controller.v (61): Length of connection (3) does not match the length of port 'adr' (8) on instance '/tb_controller/u0'.
# SLP: Elaboration phase ... done : 1.4 [s]
# SLP: Generation phase ...
# SLP: Generation phase ... done : 3.9 [s]
# SLP: Finished : 5.3 [s]
# SLP: 465 (9.73%) primitives and 4314 (90.27%) other processes in SLP
# SLP: 15783 (99.92%) signals in SLP and 12 (0.08%) interface signals
# ELAB2: Elaboration final pass complete - time: 5.6 [s].
# KERNEL: SLP loading done - time: 0.1 [s].
# KERNEL: Warning: You are using the Active-HDL Lattice Edition. The performance of simulation is running at a reduced rate.
# KERNEL: Warning: Contact Aldec for available upgrade options - sales@aldec.com.
# KERNEL: SLP simulation initialization done - time: 0.0 [s].
# KERNEL: Kernel process initialization done.
# Allocation: Simulator allocated 16151 kB (elbread=4104 elab2=11636 kernel=411 sdf=0)
# KERNEL: ASDB file was created in location E:\work\controller_cpld\bld\controller_active\src\wave.asdb
#  12:33, 2015年1月25日
#  Simulation has been initialized
#  Selected Top-Level: tb_controller (tb_controller)
add wave *
# 36 signal(s) traced.
run 1000ns
# Waveform file 'untitled.awc' connected to 'E:/work/controller_cpld/bld/controller_active/src/wave.asdb'.
# KERNEL: Configuration complete. EFB now in user mode.                 820
# KERNEL: stopped at time: 1 us
# 35 signal(s) traced.
run
# KERNEL: *************************** Write UFM test begin ***************************
# KERNEL: 
# KERNEL:   *** Eable UFM ***
# KERNEL: The I2C write 11 and 04
# KERNEL: The I2C write 10 and 01
# KERNEL:   *** Write RAM ***
# KERNEL: The I2C write 12 and 00
# KERNEL: The I2C write 13 and 12
# KERNEL: The I2C write 10 and 06
# KERNEL:  *** Write UFM0 ***
# KERNEL: The I2C write 11 and 02
# KERNEL: The I2C write 10 and 01
# KERNEL:  *** Write UFM1 ***
# KERNEL: The I2C write 11 and 03
# KERNEL: The I2C write 10 and 01
# KERNEL:   *** Disable UFM ***
# KERNEL: The I2C write 11 and 05
# KERNEL: The I2C write 10 and 01
# KERNEL:   *** Write UFM Finish ***
# KERNEL: *************************** Read UFM test begin ***************************
# KERNEL: 
# KERNEL:   *** Eable UFM ***
# KERNEL: The I2C write 11 and 04
# KERNEL: The I2C write 10 and 01
# KERNEL:  *** Read UFM ***
# KERNEL: The I2C write 11 and 00
# KERNEL: The I2C write 10 and 01
# KERNEL:   *** Read RAM ***
# KERNEL: The I2C write 12 and 00
# KERNEL: The I2C write 10 and 04
# KERNEL: The I2C write 06
# KERNEL: The I2C received bb
# KERNEL: *************************** UFM test stop ***************************
# KERNEL: 
# RUNTIME: Info: RUNTIME_0070 tb_controller.v (134): $stop called.
# KERNEL: Time: 11110340 ns,  Iteration: 0,  Instance: /tb_controller,  Process: @INITIAL#116_1@.
# KERNEL: stopped at delta: 0 at time 11110340 ns.
restart
# ELBREAD: Elaboration process.
# ELBREAD: Warning: Module 'efb_top' does not have a `timescale directive, but previous modules do.
# ELBREAD: Warning: Module 'spare_gate_efb_0' does not have a `timescale directive, but previous modules do.
# ELBREAD: Warning: Module 'spare_gate_efb_1' does not have a `timescale directive, but previous modules do.
# ELBREAD: Warning: Module 'spare_gate_efb_2' does not have a `timescale directive, but previous modules do.
# ELBREAD: Warning: Module 'spare_gate_efb_3' does not have a `timescale directive, but previous modules do.
# ELBREAD: Elaboration time 0.1 [s].
# 
# KERNEL: Main thread initiated.
# KERNEL: Kernel process initialization phase.
# KERNEL: Time resolution set to 1ps.
# ELAB2: Elaboration final pass...
# KERNEL: PLI/VHPI kernel's engine initialization done.
# PLI: Loading library 'D:\lscc\diamond\3.2_x64\active-hdl\bin\systf.dll'
# ELAB2: Create instances ...
# ELAB2: Create instances complete.
# SLP: Started
# SLP: Elaboration phase ...
# SLP: Elaboration phase ... skipped, using existing simulator library: 0.3 [s]
# SLP: Finished : 0.4 [s]
# SLP: 465 (9.73%) primitives and 4314 (90.27%) other processes in SLP
# SLP: 15783 (99.92%) signals in SLP and 12 (0.08%) interface signals
# ELAB2: Elaboration final pass complete - time: 0.7 [s].
# KERNEL: SLP loading done - time: 0.0 [s].
# KERNEL: Warning: You are using the Active-HDL Lattice Edition. The performance of simulation is running at a reduced rate.
# KERNEL: Warning: Contact Aldec for available upgrade options - sales@aldec.com.
# KERNEL: SLP simulation initialization done - time: 0.0 [s].
# KERNEL: Kernel process initialization done.
# Allocation: Simulator allocated 16151 kB (elbread=4104 elab2=11636 kernel=411 sdf=0)
# KERNEL: ASDB file was created in location E:\work\controller_cpld\bld\controller_active\src\wave.asdb
#  12:49, 2015年1月25日
#  Simulation has been initialized
#  Selected Top-Level: tb_controller (tb_controller)
# Waveform file 'untitled.awc' connected to 'E:/work/controller_cpld/bld/controller_active/src/wave.asdb'.
run
alog -O2 -sve   -work work $dsn/../../sim/tb_controller.v
# Warning: The source is compiled without the -dbg switch. Line breakpoints and assertion debug will not be available.
# Compile...
# Pass 1. Scanning modules hierarchy.
# Info: VCP2113 Module \$root found in current working library.
# Info: VCP2113 Module wb_master found in current working library.
# Info: VCP2113 Module DELAY found in current working library.
# Info: VCP2113 Module i2c_master_wb_top found in current working library.
# Info: VCP2113 Module i2c_master_byte_ctrl found in current working library.
# Info: VCP2113 Module i2c_master_bit_ctrl found in current working library.
# Info: VCP2113 Module i2c_master_registers found in current working library.
# Info: VCP2113 Module TOP found in current working library.
# Info: VCP2113 Module UFM_WB found in current working library.
# Info: VCP2113 Module I2C found in current working library.
# Info: VCP2113 Module GPIO found in current working library.
# Info: VCP2113 Module HEADER found in current working library.
# Info: VCP2113 Module DELAY found in current working library.
# Info: VCP2113 Module i2c_master_byte_ctrl found in current working library.
# Info: VCP2113 Module i2c_master_bit_ctrl found in current working library.
# Info: VCP2113 Module i2c_master_registers found in current working library.
# Info: VCP2113 Module UFM_WB found in current working library.
# Info: VCP2113 Module EFB_UFM found in current working library.
# Info: VCP2113 Module USR_MEM found in current working library.
# Info: VCP2113 Module I2C found in current working library.
# Info: VCP2113 Module GPIO found in current working library.
# Info: VCP2113 Module HEADER found in current working library.
# Info: VCP2113 Module EFB_UFM found in current working library.
# Info: VCP2113 Module USR_MEM found in current working library.
# Pass 2. Processing instantiations.
# Pass 3. Processing behavioral statements.
# Running Optimizer.
# ELB/DAG code generating.
# Info: VCP2113 Module \$root found in current working library.
# Unit top modules: tb_controller.
# $root top modules: tb_controller.
# Compile success 0 Errors 0 Warnings  Analysis time: 0[s].
# done
# ELBREAD: Elaboration process.
# ELBREAD: Warning: Module 'efb_top' does not have a `timescale directive, but previous modules do.
# ELBREAD: Warning: Module 'spare_gate_efb_0' does not have a `timescale directive, but previous modules do.
# ELBREAD: Warning: Module 'spare_gate_efb_1' does not have a `timescale directive, but previous modules do.
# ELBREAD: Warning: Module 'spare_gate_efb_2' does not have a `timescale directive, but previous modules do.
# ELBREAD: Warning: Module 'spare_gate_efb_3' does not have a `timescale directive, but previous modules do.
# ELBREAD: Elaboration time 0.1 [s].
# 
# KERNEL: Main thread initiated.
# KERNEL: Kernel process initialization phase.
# KERNEL: Time resolution set to 1ps.
# ELAB2: Elaboration final pass...
# KERNEL: PLI/VHPI kernel's engine initialization done.
# PLI: Loading library 'D:\lscc\diamond\3.2_x64\active-hdl\bin\systf.dll'
# ELAB2: Create instances ...
# ELAB2: Create instances complete.
# SLP: Started
# SLP: Elaboration phase ...
# SLP: Warning: wb_master.v (104): Length of connection (32) does not match the length of port 'DISABLE_IN' (1) on instance '/tb_controller/u0/delay_ins'.
# SLP: Warning: TOP.v (59): Length of connection (32) does not match the length of port 'ufm_page' (11) on instance '/tb_controller/TOP_INST/UUT'.
# SLP: Warning: TOP.v (119): Length of connection (3) does not match the length of port 'GPIO_1' (8) on instance '/tb_controller/TOP_INST/GPIO_INST'.
# SLP: Warning: TOP.v (119): Length of connection (4) does not match the length of port 'GPIO_2' (8) on instance '/tb_controller/TOP_INST/GPIO_INST'.
# SLP: Warning: TOP.v (119): Length of connection (3) does not match the length of port 'GPIO_0' (8) on instance '/tb_controller/TOP_INST/GPIO_INST'.
# SLP: Warning: tb_controller.v (61): Length of connection (3) does not match the length of port 'adr' (8) on instance '/tb_controller/u0'.
# SLP: Elaboration phase ... done : 1.3 [s]
# SLP: Generation phase ...
# SLP: Generation phase ... done : 3.6 [s]
# SLP: Finished : 4.9 [s]
# SLP: 465 (9.73%) primitives and 4314 (90.27%) other processes in SLP
# SLP: 15783 (99.92%) signals in SLP and 12 (0.08%) interface signals
# ELAB2: Elaboration final pass complete - time: 5.2 [s].
# KERNEL: SLP loading done - time: 0.1 [s].
# KERNEL: Warning: You are using the Active-HDL Lattice Edition. The performance of simulation is running at a reduced rate.
# KERNEL: Warning: Contact Aldec for available upgrade options - sales@aldec.com.
# KERNEL: SLP simulation initialization done - time: 0.0 [s].
# KERNEL: Kernel process initialization done.
# Allocation: Simulator allocated 16167 kB (elbread=4104 elab2=11653 kernel=409 sdf=0)
# KERNEL: ASDB file was created in location E:\work\controller_cpld\bld\controller_active\src\wave.asdb
#  12:50, 2015年1月25日
#  Simulation has been initialized
#  Selected Top-Level: tb_controller (tb_controller)
# Waveform file 'untitled.awc' connected to 'E:/work/controller_cpld/bld/controller_active/src/wave.asdb'.
run
# KERNEL: Configuration complete. EFB now in user mode.                 820
# KERNEL: *************************** Write UFM test begin ***************************
# KERNEL: 
# KERNEL:   *** Eable UFM ***
# KERNEL: The I2C write 11 and 04
# KERNEL: The I2C write 10 and 01
# KERNEL:   *** Write RAM0 ***
# KERNEL: The I2C write 12 and 00
# KERNEL: The I2C write 13 and 12
# KERNEL: The I2C write 10 and 06
# KERNEL:  *** Write UFM0 ***
# KERNEL: The I2C write 11 and 02
# KERNEL: The I2C write 10 and 01
# KERNEL:   *** Write RAM1 ***
# KERNEL: The I2C write 12 and 00
# KERNEL: The I2C write 13 and 12
# KERNEL: The I2C write 10 and 06
# KERNEL:  *** Write UFM1 ***
# KERNEL: The I2C write 11 and 03
# KERNEL: The I2C write 10 and 01
# KERNEL:   *** Disable UFM ***
# KERNEL: The I2C write 11 and 05
# KERNEL: The I2C write 10 and 01
# KERNEL:   *** Write UFM Finish ***
# KERNEL: *************************** Read UFM test begin ***************************
# KERNEL: 
# KERNEL:   *** Eable UFM ***
# KERNEL: The I2C write 11 and 04
# KERNEL: The I2C write 10 and 01
# KERNEL:  *** Read UFM0 ***
# KERNEL: The I2C write 11 and 00
# KERNEL: The I2C write 10 and 01
# KERNEL:  *** Read UFM1 ***
# KERNEL: The I2C write 11 and 01
# KERNEL: The I2C write 10 and 01
# KERNEL:   *** Read RAM ***
# KERNEL: The I2C write 12 and 00
# KERNEL: The I2C write 10 and 04
# KERNEL: The I2C write 06
# KERNEL: The I2C received 32
# KERNEL: *************************** UFM test stop ***************************
# KERNEL: 
# RUNTIME: Info: RUNTIME_0070 tb_controller.v (134): $stop called.
# KERNEL: Time: 14063540 ns,  Iteration: 0,  Instance: /tb_controller,  Process: @INITIAL#116_1@.
# KERNEL: stopped at delta: 0 at time 14063540 ns.
restart
# ELBREAD: Elaboration process.
# ELBREAD: Warning: Module 'efb_top' does not have a `timescale directive, but previous modules do.
# ELBREAD: Warning: Module 'spare_gate_efb_0' does not have a `timescale directive, but previous modules do.
# ELBREAD: Warning: Module 'spare_gate_efb_1' does not have a `timescale directive, but previous modules do.
# ELBREAD: Warning: Module 'spare_gate_efb_2' does not have a `timescale directive, but previous modules do.
# ELBREAD: Warning: Module 'spare_gate_efb_3' does not have a `timescale directive, but previous modules do.
# ELBREAD: Elaboration time 0.1 [s].
# 
# KERNEL: Main thread initiated.
# KERNEL: Kernel process initialization phase.
# KERNEL: Time resolution set to 1ps.
# ELAB2: Elaboration final pass...
# KERNEL: PLI/VHPI kernel's engine initialization done.
# PLI: Loading library 'D:\lscc\diamond\3.2_x64\active-hdl\bin\systf.dll'
# ELAB2: Create instances ...
# ELAB2: Create instances complete.
# SLP: Started
# SLP: Finished. Using existing simulator library
# SLP: 465 (9.73%) primitives and 4314 (90.27%) other processes in SLP
# SLP: 15783 (99.92%) signals in SLP and 12 (0.08%) interface signals
# ELAB2: Elaboration final pass complete - time: 0.3 [s].
# KERNEL: SLP loading done - time: 0.0 [s].
# KERNEL: Warning: You are using the Active-HDL Lattice Edition. The performance of simulation is running at a reduced rate.
# KERNEL: Warning: Contact Aldec for available upgrade options - sales@aldec.com.
# KERNEL: SLP simulation initialization done - time: 0.0 [s].
# KERNEL: Kernel process initialization done.
# Allocation: Simulator allocated 16167 kB (elbread=4104 elab2=11653 kernel=409 sdf=0)
# KERNEL: ASDB file was created in location E:\work\controller_cpld\bld\controller_active\src\wave.asdb
#  13:02, 2015年1月25日
#  Simulation has been initialized
#  Selected Top-Level: tb_controller (tb_controller)
# Waveform file 'untitled.awc' connected to 'E:/work/controller_cpld/bld/controller_active/src/wave.asdb'.
run
alog -O2 -sve   -work work $dsn/../../sim/tb_controller.v
# Warning: The source is compiled without the -dbg switch. Line breakpoints and assertion debug will not be available.
# Compile...
# Pass 1. Scanning modules hierarchy.
# Info: VCP2113 Module \$root found in current working library.
# Info: VCP2113 Module wb_master found in current working library.
# Info: VCP2113 Module DELAY found in current working library.
# Info: VCP2113 Module i2c_master_wb_top found in current working library.
# Info: VCP2113 Module i2c_master_byte_ctrl found in current working library.
# Info: VCP2113 Module i2c_master_bit_ctrl found in current working library.
# Info: VCP2113 Module i2c_master_registers found in current working library.
# Info: VCP2113 Module TOP found in current working library.
# Info: VCP2113 Module UFM_WB found in current working library.
# Info: VCP2113 Module I2C found in current working library.
# Info: VCP2113 Module GPIO found in current working library.
# Info: VCP2113 Module HEADER found in current working library.
# Info: VCP2113 Module DELAY found in current working library.
# Info: VCP2113 Module i2c_master_byte_ctrl found in current working library.
# Info: VCP2113 Module i2c_master_bit_ctrl found in current working library.
# Info: VCP2113 Module i2c_master_registers found in current working library.
# Info: VCP2113 Module UFM_WB found in current working library.
# Info: VCP2113 Module EFB_UFM found in current working library.
# Info: VCP2113 Module USR_MEM found in current working library.
# Info: VCP2113 Module I2C found in current working library.
# Info: VCP2113 Module GPIO found in current working library.
# Info: VCP2113 Module HEADER found in current working library.
# Info: VCP2113 Module EFB_UFM found in current working library.
# Info: VCP2113 Module USR_MEM found in current working library.
# Pass 2. Processing instantiations.
# Pass 3. Processing behavioral statements.
# Running Optimizer.
# ELB/DAG code generating.
# Info: VCP2113 Module \$root found in current working library.
# Unit top modules: tb_controller.
# $root top modules: tb_controller.
# Compile success 0 Errors 0 Warnings  Analysis time: 0[s].
# done
# ELBREAD: Elaboration process.
# ELBREAD: Warning: Module 'efb_top' does not have a `timescale directive, but previous modules do.
# ELBREAD: Warning: Module 'spare_gate_efb_0' does not have a `timescale directive, but previous modules do.
# ELBREAD: Warning: Module 'spare_gate_efb_1' does not have a `timescale directive, but previous modules do.
# ELBREAD: Warning: Module 'spare_gate_efb_2' does not have a `timescale directive, but previous modules do.
# ELBREAD: Warning: Module 'spare_gate_efb_3' does not have a `timescale directive, but previous modules do.
# ELBREAD: Elaboration time 0.2 [s].
# 
# KERNEL: Main thread initiated.
# KERNEL: Kernel process initialization phase.
# KERNEL: Time resolution set to 1ps.
# ELAB2: Elaboration final pass...
# KERNEL: PLI/VHPI kernel's engine initialization done.
# PLI: Loading library 'D:\lscc\diamond\3.2_x64\active-hdl\bin\systf.dll'
# ELAB2: Create instances ...
# ELAB2: Create instances complete.
# SLP: Started
# SLP: Elaboration phase ...
# SLP: Warning: wb_master.v (104): Length of connection (32) does not match the length of port 'DISABLE_IN' (1) on instance '/tb_controller/u0/delay_ins'.
# SLP: Warning: TOP.v (59): Length of connection (32) does not match the length of port 'ufm_page' (11) on instance '/tb_controller/TOP_INST/UUT'.
# SLP: Warning: TOP.v (119): Length of connection (3) does not match the length of port 'GPIO_1' (8) on instance '/tb_controller/TOP_INST/GPIO_INST'.
# SLP: Warning: TOP.v (119): Length of connection (4) does not match the length of port 'GPIO_2' (8) on instance '/tb_controller/TOP_INST/GPIO_INST'.
# SLP: Warning: TOP.v (119): Length of connection (3) does not match the length of port 'GPIO_0' (8) on instance '/tb_controller/TOP_INST/GPIO_INST'.
# SLP: Warning: tb_controller.v (61): Length of connection (3) does not match the length of port 'adr' (8) on instance '/tb_controller/u0'.
# SLP: Elaboration phase ... done : 1.4 [s]
# SLP: Generation phase ...
# SLP: Generation phase ... done : 3.8 [s]
# SLP: Finished : 5.3 [s]
# SLP: 465 (9.73%) primitives and 4314 (90.27%) other processes in SLP
# SLP: 15783 (99.92%) signals in SLP and 12 (0.08%) interface signals
# ELAB2: Elaboration final pass complete - time: 5.5 [s].
# KERNEL: SLP loading done - time: 0.1 [s].
# KERNEL: Warning: You are using the Active-HDL Lattice Edition. The performance of simulation is running at a reduced rate.
# KERNEL: Warning: Contact Aldec for available upgrade options - sales@aldec.com.
# KERNEL: SLP simulation initialization done - time: 0.0 [s].
# KERNEL: Kernel process initialization done.
# Allocation: Simulator allocated 16167 kB (elbread=4104 elab2=11653 kernel=409 sdf=0)
# KERNEL: ASDB file was created in location E:\work\controller_cpld\bld\controller_active\src\wave.asdb
#  13:02, 2015年1月25日
#  Simulation has been initialized
#  Selected Top-Level: tb_controller (tb_controller)
# Waveform file 'untitled.awc' connected to 'E:/work/controller_cpld/bld/controller_active/src/wave.asdb'.
run
# KERNEL: Configuration complete. EFB now in user mode.                 820
# KERNEL: *************************** Write UFM test begin ***************************
# KERNEL: 
# KERNEL:   *** Eable UFM ***
# KERNEL: The I2C write 11 and 04
# KERNEL: The I2C write 10 and 01
# KERNEL:   *** Write RAM0 ***
# KERNEL: The I2C write 12 and 00
# KERNEL: The I2C write 13 and 22
# KERNEL: The I2C write 10 and 06
# KERNEL:  *** Write UFM0 ***
# KERNEL: The I2C write 11 and 02
# KERNEL: The I2C write 10 and 01
# KERNEL:   *** Write RAM1 ***
# KERNEL: The I2C write 12 and 00
# KERNEL: The I2C write 13 and 12
# KERNEL: The I2C write 10 and 06
# KERNEL:  *** Write UFM1 ***
# KERNEL: The I2C write 11 and 03
# KERNEL: The I2C write 10 and 01
# KERNEL:   *** Disable UFM ***
# KERNEL: The I2C write 11 and 05
# KERNEL: The I2C write 10 and 01
# KERNEL:   *** Write UFM Finish ***
# KERNEL: *************************** Read UFM test begin ***************************
# KERNEL: 
# KERNEL:   *** Eable UFM ***
# KERNEL: The I2C write 11 and 04
# KERNEL: The I2C write 10 and 01
# KERNEL:  *** Read UFM0 ***
# KERNEL: The I2C write 11 and 00
# KERNEL: The I2C write 10 and 01
# KERNEL:  *** Read UFM1 ***
# KERNEL: The I2C write 11 and 01
# KERNEL: The I2C write 10 and 01
# KERNEL:   *** Read RAM ***
# KERNEL: The I2C write 12 and 00
# KERNEL: The I2C write 10 and 04
# KERNEL: The I2C write 06
# KERNEL: The I2C received 32
# KERNEL: *************************** UFM test stop ***************************
# KERNEL: 
# RUNTIME: Info: RUNTIME_0070 tb_controller.v (134): $stop called.
# KERNEL: Time: 14063540 ns,  Iteration: 0,  Instance: /tb_controller,  Process: @INITIAL#116_1@.
# KERNEL: stopped at delta: 0 at time 14063540 ns.
restart
# ELBREAD: Elaboration process.
# ELBREAD: Warning: Module 'efb_top' does not have a `timescale directive, but previous modules do.
# ELBREAD: Warning: Module 'spare_gate_efb_0' does not have a `timescale directive, but previous modules do.
# ELBREAD: Warning: Module 'spare_gate_efb_1' does not have a `timescale directive, but previous modules do.
# ELBREAD: Warning: Module 'spare_gate_efb_2' does not have a `timescale directive, but previous modules do.
# ELBREAD: Warning: Module 'spare_gate_efb_3' does not have a `timescale directive, but previous modules do.
# ELBREAD: Elaboration time 0.1 [s].
# 
# KERNEL: Main thread initiated.
# KERNEL: Kernel process initialization phase.
# KERNEL: Time resolution set to 1ps.
# ELAB2: Elaboration final pass...
# KERNEL: PLI/VHPI kernel's engine initialization done.
# PLI: Loading library 'D:\lscc\diamond\3.2_x64\active-hdl\bin\systf.dll'
# ELAB2: Create instances ...
# ELAB2: Create instances complete.
# SLP: Started
# SLP: Finished. Using existing simulator library
# SLP: 465 (9.73%) primitives and 4314 (90.27%) other processes in SLP
# SLP: 15783 (99.92%) signals in SLP and 12 (0.08%) interface signals
# ELAB2: Elaboration final pass complete - time: 0.3 [s].
# KERNEL: SLP loading done - time: 0.0 [s].
# KERNEL: Warning: You are using the Active-HDL Lattice Edition. The performance of simulation is running at a reduced rate.
# KERNEL: Warning: Contact Aldec for available upgrade options - sales@aldec.com.
# KERNEL: SLP simulation initialization done - time: 0.0 [s].
# KERNEL: Kernel process initialization done.
# Allocation: Simulator allocated 16167 kB (elbread=4104 elab2=11653 kernel=409 sdf=0)
# KERNEL: ASDB file was created in location E:\work\controller_cpld\bld\controller_active\src\wave.asdb
#  13:11, 2015年1月25日
#  Simulation has been initialized
#  Selected Top-Level: tb_controller (tb_controller)
# Waveform file 'untitled.awc' connected to 'E:/work/controller_cpld/bld/controller_active/src/wave.asdb'.
run
alog -O2 -sve   -work work $dsn/../../sim/tb_controller.v
# Warning: The source is compiled without the -dbg switch. Line breakpoints and assertion debug will not be available.
# Compile...
# Pass 1. Scanning modules hierarchy.
# Info: VCP2113 Module \$root found in current working library.
# Info: VCP2113 Module wb_master found in current working library.
# Info: VCP2113 Module DELAY found in current working library.
# Info: VCP2113 Module i2c_master_wb_top found in current working library.
# Info: VCP2113 Module i2c_master_byte_ctrl found in current working library.
# Info: VCP2113 Module i2c_master_bit_ctrl found in current working library.
# Info: VCP2113 Module i2c_master_registers found in current working library.
# Info: VCP2113 Module TOP found in current working library.
# Info: VCP2113 Module UFM_WB found in current working library.
# Info: VCP2113 Module I2C found in current working library.
# Info: VCP2113 Module GPIO found in current working library.
# Info: VCP2113 Module HEADER found in current working library.
# Info: VCP2113 Module DELAY found in current working library.
# Info: VCP2113 Module i2c_master_byte_ctrl found in current working library.
# Info: VCP2113 Module i2c_master_bit_ctrl found in current working library.
# Info: VCP2113 Module i2c_master_registers found in current working library.
# Info: VCP2113 Module UFM_WB found in current working library.
# Info: VCP2113 Module EFB_UFM found in current working library.
# Info: VCP2113 Module USR_MEM found in current working library.
# Info: VCP2113 Module I2C found in current working library.
# Info: VCP2113 Module GPIO found in current working library.
# Info: VCP2113 Module HEADER found in current working library.
# Info: VCP2113 Module EFB_UFM found in current working library.
# Info: VCP2113 Module USR_MEM found in current working library.
# Pass 2. Processing instantiations.
# Pass 3. Processing behavioral statements.
# Running Optimizer.
# ELB/DAG code generating.
# Info: VCP2113 Module \$root found in current working library.
# Unit top modules: tb_controller.
# $root top modules: tb_controller.
# Compile success 0 Errors 0 Warnings  Analysis time: 0[s].
# done
# ELBREAD: Elaboration process.
# ELBREAD: Warning: Module 'efb_top' does not have a `timescale directive, but previous modules do.
# ELBREAD: Warning: Module 'spare_gate_efb_0' does not have a `timescale directive, but previous modules do.
# ELBREAD: Warning: Module 'spare_gate_efb_1' does not have a `timescale directive, but previous modules do.
# ELBREAD: Warning: Module 'spare_gate_efb_2' does not have a `timescale directive, but previous modules do.
# ELBREAD: Warning: Module 'spare_gate_efb_3' does not have a `timescale directive, but previous modules do.
# ELBREAD: Elaboration time 0.1 [s].
# 
# KERNEL: Main thread initiated.
# KERNEL: Kernel process initialization phase.
# KERNEL: Time resolution set to 1ps.
# ELAB2: Elaboration final pass...
# KERNEL: PLI/VHPI kernel's engine initialization done.
# PLI: Loading library 'D:\lscc\diamond\3.2_x64\active-hdl\bin\systf.dll'
# ELAB2: Create instances ...
# ELAB2: Create instances complete.
# SLP: Started
# SLP: Elaboration phase ...
# SLP: Warning: wb_master.v (104): Length of connection (32) does not match the length of port 'DISABLE_IN' (1) on instance '/tb_controller/u0/delay_ins'.
# SLP: Warning: TOP.v (59): Length of connection (32) does not match the length of port 'ufm_page' (11) on instance '/tb_controller/TOP_INST/UUT'.
# SLP: Warning: TOP.v (119): Length of connection (3) does not match the length of port 'GPIO_1' (8) on instance '/tb_controller/TOP_INST/GPIO_INST'.
# SLP: Warning: TOP.v (119): Length of connection (4) does not match the length of port 'GPIO_2' (8) on instance '/tb_controller/TOP_INST/GPIO_INST'.
# SLP: Warning: TOP.v (119): Length of connection (3) does not match the length of port 'GPIO_0' (8) on instance '/tb_controller/TOP_INST/GPIO_INST'.
# SLP: Warning: tb_controller.v (61): Length of connection (3) does not match the length of port 'adr' (8) on instance '/tb_controller/u0'.
# SLP: Elaboration phase ... done : 1.2 [s]
# SLP: Generation phase ...
# SLP: Generation phase ... done : 3.6 [s]
# SLP: Finished : 4.9 [s]
# SLP: 465 (9.73%) primitives and 4314 (90.27%) other processes in SLP
# SLP: 15783 (99.92%) signals in SLP and 12 (0.08%) interface signals
# ELAB2: Elaboration final pass complete - time: 5.1 [s].
# KERNEL: SLP loading done - time: 0.1 [s].
# KERNEL: Warning: You are using the Active-HDL Lattice Edition. The performance of simulation is running at a reduced rate.
# KERNEL: Warning: Contact Aldec for available upgrade options - sales@aldec.com.
# KERNEL: SLP simulation initialization done - time: 0.0 [s].
# KERNEL: Kernel process initialization done.
# Allocation: Simulator allocated 16167 kB (elbread=4104 elab2=11653 kernel=409 sdf=0)
# KERNEL: ASDB file was created in location E:\work\controller_cpld\bld\controller_active\src\wave.asdb
#  13:11, 2015年1月25日
#  Simulation has been initialized
#  Selected Top-Level: tb_controller (tb_controller)
# Waveform file 'untitled.awc' connected to 'E:/work/controller_cpld/bld/controller_active/src/wave.asdb'.
run
# KERNEL: Configuration complete. EFB now in user mode.                 820
# KERNEL: *************************** Write UFM test begin ***************************
# KERNEL: 
# KERNEL:   *** Eable UFM ***
# KERNEL: The I2C write 11 and 04
# KERNEL: The I2C write 10 and 01
# KERNEL:   *** Write RAM0 ***
# KERNEL: The I2C write 12 and 00
# KERNEL: The I2C write 13 and 22
# KERNEL: The I2C write 10 and 06
# KERNEL:  *** Write UFM0 ***
# KERNEL: The I2C write 11 and 02
# KERNEL: The I2C write 10 and 01
# KERNEL:   *** Write RAM1 ***
# KERNEL: The I2C write 12 and 00
# KERNEL: The I2C write 13 and 22
# KERNEL: The I2C write 10 and 06
# KERNEL:  *** Write UFM1 ***
# KERNEL: The I2C write 11 and 03
# KERNEL: The I2C write 10 and 01
# KERNEL:   *** Disable UFM ***
# KERNEL: The I2C write 11 and 05
# KERNEL: The I2C write 10 and 01
# KERNEL:   *** Write UFM Finish ***
# KERNEL: *************************** Read UFM test begin ***************************
# KERNEL: 
# KERNEL:   *** Eable UFM ***
# KERNEL: The I2C write 11 and 04
# KERNEL: The I2C write 10 and 01
# KERNEL:  *** Read UFM0 ***
# KERNEL: The I2C write 11 and 00
# KERNEL: The I2C write 10 and 01
# KERNEL:  *** Read UFM1 ***
# KERNEL: The I2C write 11 and 01
# KERNEL: The I2C write 10 and 01
# KERNEL:   *** Read RAM ***
# KERNEL: The I2C write 12 and 00
# KERNEL: The I2C write 10 and 04
# KERNEL: The I2C write 06
# KERNEL: The I2C received 32
# KERNEL: *************************** UFM test stop ***************************
# KERNEL: 
# RUNTIME: Info: RUNTIME_0070 tb_controller.v (134): $stop called.
# KERNEL: Time: 14063540 ns,  Iteration: 0,  Instance: /tb_controller,  Process: @INITIAL#116_1@.
# KERNEL: stopped at delta: 0 at time 14063540 ns.
restart
# ELBREAD: Elaboration process.
# ELBREAD: Warning: Module 'efb_top' does not have a `timescale directive, but previous modules do.
# ELBREAD: Warning: Module 'spare_gate_efb_0' does not have a `timescale directive, but previous modules do.
# ELBREAD: Warning: Module 'spare_gate_efb_1' does not have a `timescale directive, but previous modules do.
# ELBREAD: Warning: Module 'spare_gate_efb_2' does not have a `timescale directive, but previous modules do.
# ELBREAD: Warning: Module 'spare_gate_efb_3' does not have a `timescale directive, but previous modules do.
# ELBREAD: Elaboration time 0.1 [s].
# 
# KERNEL: Main thread initiated.
# KERNEL: Kernel process initialization phase.
# KERNEL: Time resolution set to 1ps.
# ELAB2: Elaboration final pass...
# KERNEL: PLI/VHPI kernel's engine initialization done.
# PLI: Loading library 'D:\lscc\diamond\3.2_x64\active-hdl\bin\systf.dll'
# ELAB2: Create instances ...
# ELAB2: Create instances complete.
# SLP: Started
# SLP: Finished. Using existing simulator library
# SLP: 465 (9.73%) primitives and 4314 (90.27%) other processes in SLP
# SLP: 15783 (99.92%) signals in SLP and 12 (0.08%) interface signals
# ELAB2: Elaboration final pass complete - time: 0.4 [s].
# KERNEL: SLP loading done - time: 0.0 [s].
# KERNEL: Warning: You are using the Active-HDL Lattice Edition. The performance of simulation is running at a reduced rate.
# KERNEL: Warning: Contact Aldec for available upgrade options - sales@aldec.com.
# KERNEL: SLP simulation initialization done - time: 0.0 [s].
# KERNEL: Kernel process initialization done.
# Allocation: Simulator allocated 16167 kB (elbread=4104 elab2=11653 kernel=409 sdf=0)
# KERNEL: ASDB file was created in location E:\work\controller_cpld\bld\controller_active\src\wave.asdb
#  13:29, 2015年1月25日
#  Simulation has been initialized
#  Selected Top-Level: tb_controller (tb_controller)
# Waveform file 'untitled.awc' connected to 'E:/work/controller_cpld/bld/controller_active/src/wave.asdb'.
run
alog -O2 -sve   -work work $dsn/../../src/UFM_WB_top.v $dsn/../../src/TOP.v
# Warning: The source is compiled without the -dbg switch. Line breakpoints and assertion debug will not be available.
# Compile...
# Pass 1. Scanning modules hierarchy.
# Info: VCP2113 Module \$root found in current working library.
# Info: VCP2113 Module EFB_UFM found in current working library.
# Info: VCP2113 Module USR_MEM found in current working library.
# Info: VCP2113 Module I2C found in current working library.
# Info: VCP2113 Module GPIO found in current working library.
# Info: VCP2113 Module HEADER found in current working library.
# Pass 2. Processing instantiations.
# Pass 3. Processing behavioral statements.
# Running Optimizer.
# ELB/DAG code generating.
# Info: VCP2113 Module \$root found in current working library.
# Info: VCP2113 Module tb_controller found in current working library.
# $root top modules: tb_controller.
# Compile success 0 Errors 0 Warnings  Analysis time: 1[s].
# done
# ELBREAD: Elaboration process.
# ELBREAD: Warning: Module 'efb_top' does not have a `timescale directive, but previous modules do.
# ELBREAD: Warning: Module 'spare_gate_efb_0' does not have a `timescale directive, but previous modules do.
# ELBREAD: Warning: Module 'spare_gate_efb_1' does not have a `timescale directive, but previous modules do.
# ELBREAD: Warning: Module 'spare_gate_efb_2' does not have a `timescale directive, but previous modules do.
# ELBREAD: Warning: Module 'spare_gate_efb_3' does not have a `timescale directive, but previous modules do.
# ELBREAD: Elaboration time 0.1 [s].
# 
# KERNEL: Main thread initiated.
# KERNEL: Kernel process initialization phase.
# KERNEL: Time resolution set to 1ps.
# ELAB2: Elaboration final pass...
# KERNEL: PLI/VHPI kernel's engine initialization done.
# PLI: Loading library 'D:\lscc\diamond\3.2_x64\active-hdl\bin\systf.dll'
# ELAB2: Create instances ...
# ELAB2: Create instances complete.
# SLP: Started
# SLP: Elaboration phase ...
# SLP: Warning: wb_master.v (104): Length of connection (32) does not match the length of port 'DISABLE_IN' (1) on instance '/tb_controller/u0/delay_ins'.
# SLP: Warning: TOP.v (59): Length of connection (32) does not match the length of port 'ufm_page' (11) on instance '/tb_controller/TOP_INST/UUT'.
# SLP: Warning: TOP.v (119): Length of connection (3) does not match the length of port 'GPIO_1' (8) on instance '/tb_controller/TOP_INST/GPIO_INST'.
# SLP: Warning: TOP.v (119): Length of connection (4) does not match the length of port 'GPIO_2' (8) on instance '/tb_controller/TOP_INST/GPIO_INST'.
# SLP: Warning: TOP.v (119): Length of connection (3) does not match the length of port 'GPIO_0' (8) on instance '/tb_controller/TOP_INST/GPIO_INST'.
# SLP: Warning: tb_controller.v (61): Length of connection (3) does not match the length of port 'adr' (8) on instance '/tb_controller/u0'.
# SLP: Elaboration phase ... done : 1.3 [s]
# SLP: Generation phase ...
# SLP: Generation phase ... done : 3.7 [s]
# SLP: Finished : 5.0 [s]
# SLP: 465 (9.74%) primitives and 4309 (90.26%) other processes in SLP
# SLP: 15783 (99.92%) signals in SLP and 12 (0.08%) interface signals
# ELAB2: Elaboration final pass complete - time: 5.3 [s].
# KERNEL: SLP loading done - time: 0.1 [s].
# KERNEL: Warning: You are using the Active-HDL Lattice Edition. The performance of simulation is running at a reduced rate.
# KERNEL: Warning: Contact Aldec for available upgrade options - sales@aldec.com.
# KERNEL: SLP simulation initialization done - time: 0.0 [s].
# KERNEL: Kernel process initialization done.
# Allocation: Simulator allocated 16210 kB (elbread=4104 elab2=11691 kernel=415 sdf=0)
# KERNEL: ASDB file was created in location E:\work\controller_cpld\bld\controller_active\src\wave.asdb
#  13:30, 2015年1月25日
#  Simulation has been initialized
#  Selected Top-Level: tb_controller (tb_controller)
# Waveform file 'untitled.awc' connected to 'E:/work/controller_cpld/bld/controller_active/src/wave.asdb'.
restart
# ELBREAD: Elaboration process.
# ELBREAD: Warning: Module 'efb_top' does not have a `timescale directive, but previous modules do.
# ELBREAD: Warning: Module 'spare_gate_efb_0' does not have a `timescale directive, but previous modules do.
# ELBREAD: Warning: Module 'spare_gate_efb_1' does not have a `timescale directive, but previous modules do.
# ELBREAD: Warning: Module 'spare_gate_efb_2' does not have a `timescale directive, but previous modules do.
# ELBREAD: Warning: Module 'spare_gate_efb_3' does not have a `timescale directive, but previous modules do.
# ELBREAD: Elaboration time 0.1 [s].
# 
# KERNEL: Main thread initiated.
# KERNEL: Kernel process initialization phase.
# KERNEL: Time resolution set to 1ps.
# ELAB2: Elaboration final pass...
# KERNEL: PLI/VHPI kernel's engine initialization done.
# PLI: Loading library 'D:\lscc\diamond\3.2_x64\active-hdl\bin\systf.dll'
# ELAB2: Create instances ...
# ELAB2: Create instances complete.
# SLP: Started
# SLP: Finished. Using existing simulator library
# SLP: 465 (9.74%) primitives and 4309 (90.26%) other processes in SLP
# SLP: 15783 (99.92%) signals in SLP and 12 (0.08%) interface signals
# ELAB2: Elaboration final pass complete - time: 0.3 [s].
# KERNEL: SLP loading done - time: 0.0 [s].
# KERNEL: Warning: You are using the Active-HDL Lattice Edition. The performance of simulation is running at a reduced rate.
# KERNEL: Warning: Contact Aldec for available upgrade options - sales@aldec.com.
# KERNEL: SLP simulation initialization done - time: 0.0 [s].
# KERNEL: Kernel process initialization done.
# Allocation: Simulator allocated 16210 kB (elbread=4104 elab2=11691 kernel=415 sdf=0)
# KERNEL: ASDB file was created in location E:\work\controller_cpld\bld\controller_active\src\wave.asdb
#  13:30, 2015年1月25日
#  Simulation has been initialized
#  Selected Top-Level: tb_controller (tb_controller)
# Waveform file 'untitled.awc' connected to 'E:/work/controller_cpld/bld/controller_active/src/wave.asdb'.
run
alog -O2 -sve   -work work $dsn/../../sim/tb_controller.v
# Warning: The source is compiled without the -dbg switch. Line breakpoints and assertion debug will not be available.
# Compile...
# Pass 1. Scanning modules hierarchy.
# Info: VCP2113 Module \$root found in current working library.
# Info: VCP2113 Module wb_master found in current working library.
# Info: VCP2113 Module DELAY found in current working library.
# Info: VCP2113 Module i2c_master_wb_top found in current working library.
# Info: VCP2113 Module i2c_master_byte_ctrl found in current working library.
# Info: VCP2113 Module i2c_master_bit_ctrl found in current working library.
# Info: VCP2113 Module i2c_master_registers found in current working library.
# Info: VCP2113 Module TOP found in current working library.
# Info: VCP2113 Module UFM_WB found in current working library.
# Info: VCP2113 Module I2C found in current working library.
# Info: VCP2113 Module GPIO found in current working library.
# Info: VCP2113 Module HEADER found in current working library.
# Info: VCP2113 Module DELAY found in current working library.
# Info: VCP2113 Module i2c_master_byte_ctrl found in current working library.
# Info: VCP2113 Module i2c_master_bit_ctrl found in current working library.
# Info: VCP2113 Module i2c_master_registers found in current working library.
# Info: VCP2113 Module UFM_WB found in current working library.
# Info: VCP2113 Module EFB_UFM found in current working library.
# Info: VCP2113 Module USR_MEM found in current working library.
# Info: VCP2113 Module I2C found in current working library.
# Info: VCP2113 Module GPIO found in current working library.
# Info: VCP2113 Module HEADER found in current working library.
# Info: VCP2113 Module EFB_UFM found in current working library.
# Info: VCP2113 Module USR_MEM found in current working library.
# Pass 2. Processing instantiations.
# Pass 3. Processing behavioral statements.
# Running Optimizer.
# ELB/DAG code generating.
# Info: VCP2113 Module \$root found in current working library.
# Unit top modules: tb_controller.
# $root top modules: tb_controller.
# Compile success 0 Errors 0 Warnings  Analysis time: 0[s].
# done
# ELBREAD: Elaboration process.
# ELBREAD: Warning: Module 'efb_top' does not have a `timescale directive, but previous modules do.
# ELBREAD: Warning: Module 'spare_gate_efb_0' does not have a `timescale directive, but previous modules do.
# ELBREAD: Warning: Module 'spare_gate_efb_1' does not have a `timescale directive, but previous modules do.
# ELBREAD: Warning: Module 'spare_gate_efb_2' does not have a `timescale directive, but previous modules do.
# ELBREAD: Warning: Module 'spare_gate_efb_3' does not have a `timescale directive, but previous modules do.
# ELBREAD: Elaboration time 0.2 [s].
# 
# KERNEL: Main thread initiated.
# KERNEL: Kernel process initialization phase.
# KERNEL: Time resolution set to 1ps.
# ELAB2: Elaboration final pass...
# KERNEL: PLI/VHPI kernel's engine initialization done.
# PLI: Loading library 'D:\lscc\diamond\3.2_x64\active-hdl\bin\systf.dll'
# ELAB2: Create instances ...
# ELAB2: Create instances complete.
# SLP: Started
# SLP: Elaboration phase ...
# SLP: Warning: wb_master.v (104): Length of connection (32) does not match the length of port 'DISABLE_IN' (1) on instance '/tb_controller/u0/delay_ins'.
# SLP: Warning: TOP.v (59): Length of connection (32) does not match the length of port 'ufm_page' (11) on instance '/tb_controller/TOP_INST/UUT'.
# SLP: Warning: TOP.v (119): Length of connection (3) does not match the length of port 'GPIO_1' (8) on instance '/tb_controller/TOP_INST/GPIO_INST'.
# SLP: Warning: TOP.v (119): Length of connection (4) does not match the length of port 'GPIO_2' (8) on instance '/tb_controller/TOP_INST/GPIO_INST'.
# SLP: Warning: TOP.v (119): Length of connection (3) does not match the length of port 'GPIO_0' (8) on instance '/tb_controller/TOP_INST/GPIO_INST'.
# SLP: Warning: tb_controller.v (61): Length of connection (3) does not match the length of port 'adr' (8) on instance '/tb_controller/u0'.
# SLP: Elaboration phase ... done : 1.3 [s]
# SLP: Generation phase ...
# SLP: Generation phase ... done : 3.6 [s]
# SLP: Finished : 5.0 [s]
# SLP: 465 (9.74%) primitives and 4309 (90.26%) other processes in SLP
# SLP: 15783 (99.92%) signals in SLP and 12 (0.08%) interface signals
# ELAB2: Elaboration final pass complete - time: 5.2 [s].
# KERNEL: SLP loading done - time: 0.1 [s].
# KERNEL: Warning: You are using the Active-HDL Lattice Edition. The performance of simulation is running at a reduced rate.
# KERNEL: Warning: Contact Aldec for available upgrade options - sales@aldec.com.
# KERNEL: SLP simulation initialization done - time: 0.0 [s].
# KERNEL: Kernel process initialization done.
# Allocation: Simulator allocated 16210 kB (elbread=4104 elab2=11691 kernel=415 sdf=0)
# KERNEL: ASDB file was created in location E:\work\controller_cpld\bld\controller_active\src\wave.asdb
#  13:30, 2015年1月25日
#  Simulation has been initialized
#  Selected Top-Level: tb_controller (tb_controller)
# Waveform file 'untitled.awc' connected to 'E:/work/controller_cpld/bld/controller_active/src/wave.asdb'.
run
# KERNEL: Configuration complete. EFB now in user mode.                 820
# KERNEL: *************************** Write UFM test begin ***************************
# KERNEL: 
# KERNEL:   *** Eable UFM ***
# KERNEL: The I2C write 11 and 04
# KERNEL: The I2C write 10 and 01
# KERNEL:   *** Write RAM0 ***
# KERNEL: The I2C write 12 and 00
# KERNEL: The I2C write 13 and 22
# KERNEL: The I2C write 10 and 06
# KERNEL:  *** Write UFM0 ***
# KERNEL: The I2C write 11 and 02
# KERNEL: The I2C write 10 and 01
# KERNEL:   *** Write RAM1 ***
# KERNEL: The I2C write 12 and 00
# KERNEL: The I2C write 13 and 22
# KERNEL: The I2C write 10 and 06
# KERNEL:  *** Write UFM1 ***
# KERNEL: The I2C write 11 and 03
# KERNEL: The I2C write 10 and 01
# KERNEL:   *** Disable UFM ***
# KERNEL: The I2C write 11 and 05
# KERNEL: The I2C write 10 and 01
# KERNEL:   *** Write UFM Finish ***
# KERNEL: *************************** Read UFM test begin ***************************
# KERNEL: 
# KERNEL:   *** Eable UFM ***
# KERNEL: The I2C write 11 and 04
# KERNEL: The I2C write 10 and 01
# KERNEL:  *** Read UFM0 ***
# KERNEL: The I2C write 11 and 00
# KERNEL: The I2C write 10 and 01
# KERNEL:  *** Read UFM1 ***
# KERNEL: The I2C write 11 and 01
# KERNEL: The I2C write 10 and 01
# KERNEL:   *** Read RAM ***
# KERNEL: The I2C write 12 and 00
# KERNEL: The I2C write 10 and 04
# KERNEL: The I2C write 06
# KERNEL: The I2C received 32
# KERNEL: *************************** UFM test stop ***************************
# KERNEL: 
# RUNTIME: Info: RUNTIME_0070 tb_controller.v (134): $stop called.
# KERNEL: Time: 14103980 ns,  Iteration: 0,  Instance: /tb_controller,  Process: @INITIAL#116_1@.
# KERNEL: stopped at delta: 0 at time 14103980 ns.
restart
# ELBREAD: Elaboration process.
# ELBREAD: Warning: Module 'efb_top' does not have a `timescale directive, but previous modules do.
# ELBREAD: Warning: Module 'spare_gate_efb_0' does not have a `timescale directive, but previous modules do.
# ELBREAD: Warning: Module 'spare_gate_efb_1' does not have a `timescale directive, but previous modules do.
# ELBREAD: Warning: Module 'spare_gate_efb_2' does not have a `timescale directive, but previous modules do.
# ELBREAD: Warning: Module 'spare_gate_efb_3' does not have a `timescale directive, but previous modules do.
# ELBREAD: Elaboration time 0.1 [s].
# 
# KERNEL: Main thread initiated.
# KERNEL: Kernel process initialization phase.
# KERNEL: Time resolution set to 1ps.
# ELAB2: Elaboration final pass...
# KERNEL: PLI/VHPI kernel's engine initialization done.
# PLI: Loading library 'D:\lscc\diamond\3.2_x64\active-hdl\bin\systf.dll'
# ELAB2: Create instances ...
# ELAB2: Create instances complete.
# SLP: Started
# SLP: Finished. Using existing simulator library
# SLP: 465 (9.74%) primitives and 4309 (90.26%) other processes in SLP
# SLP: 15783 (99.92%) signals in SLP and 12 (0.08%) interface signals
# ELAB2: Elaboration final pass complete - time: 0.3 [s].
# KERNEL: SLP loading done - time: 0.0 [s].
# KERNEL: Warning: You are using the Active-HDL Lattice Edition. The performance of simulation is running at a reduced rate.
# KERNEL: Warning: Contact Aldec for available upgrade options - sales@aldec.com.
# KERNEL: SLP simulation initialization done - time: 0.0 [s].
# KERNEL: Kernel process initialization done.
# Allocation: Simulator allocated 16210 kB (elbread=4104 elab2=11691 kernel=415 sdf=0)
# KERNEL: ASDB file was created in location E:\work\controller_cpld\bld\controller_active\src\wave.asdb
#  13:49, 2015年1月25日
#  Simulation has been initialized
#  Selected Top-Level: tb_controller (tb_controller)
# Waveform file 'untitled.awc' connected to 'E:/work/controller_cpld/bld/controller_active/src/wave.asdb'.
run
alog -O2 -sve   -work work $dsn/../../sim/tb_controller.v
# Warning: The source is compiled without the -dbg switch. Line breakpoints and assertion debug will not be available.
# Compile...
# Pass 1. Scanning modules hierarchy.
# Info: VCP2113 Module \$root found in current working library.
# Info: VCP2113 Module wb_master found in current working library.
# Info: VCP2113 Module DELAY found in current working library.
# Info: VCP2113 Module i2c_master_wb_top found in current working library.
# Info: VCP2113 Module i2c_master_byte_ctrl found in current working library.
# Info: VCP2113 Module i2c_master_bit_ctrl found in current working library.
# Info: VCP2113 Module i2c_master_registers found in current working library.
# Info: VCP2113 Module TOP found in current working library.
# Info: VCP2113 Module UFM_WB found in current working library.
# Info: VCP2113 Module I2C found in current working library.
# Info: VCP2113 Module GPIO found in current working library.
# Info: VCP2113 Module HEADER found in current working library.
# Info: VCP2113 Module DELAY found in current working library.
# Info: VCP2113 Module i2c_master_byte_ctrl found in current working library.
# Info: VCP2113 Module i2c_master_bit_ctrl found in current working library.
# Info: VCP2113 Module i2c_master_registers found in current working library.
# Info: VCP2113 Module UFM_WB found in current working library.
# Info: VCP2113 Module EFB_UFM found in current working library.
# Info: VCP2113 Module USR_MEM found in current working library.
# Info: VCP2113 Module I2C found in current working library.
# Info: VCP2113 Module GPIO found in current working library.
# Info: VCP2113 Module HEADER found in current working library.
# Info: VCP2113 Module EFB_UFM found in current working library.
# Info: VCP2113 Module USR_MEM found in current working library.
# Pass 2. Processing instantiations.
# Pass 3. Processing behavioral statements.
# Running Optimizer.
# ELB/DAG code generating.
# Info: VCP2113 Module \$root found in current working library.
# Unit top modules: tb_controller.
# $root top modules: tb_controller.
# Compile success 0 Errors 0 Warnings  Analysis time: 1[s].
# done
# ELBREAD: Elaboration process.
# ELBREAD: Warning: Module 'efb_top' does not have a `timescale directive, but previous modules do.
# ELBREAD: Warning: Module 'spare_gate_efb_0' does not have a `timescale directive, but previous modules do.
# ELBREAD: Warning: Module 'spare_gate_efb_1' does not have a `timescale directive, but previous modules do.
# ELBREAD: Warning: Module 'spare_gate_efb_2' does not have a `timescale directive, but previous modules do.
# ELBREAD: Warning: Module 'spare_gate_efb_3' does not have a `timescale directive, but previous modules do.
# ELBREAD: Elaboration time 0.1 [s].
# 
# KERNEL: Main thread initiated.
# KERNEL: Kernel process initialization phase.
# KERNEL: Time resolution set to 1ps.
# ELAB2: Elaboration final pass...
# KERNEL: PLI/VHPI kernel's engine initialization done.
# PLI: Loading library 'D:\lscc\diamond\3.2_x64\active-hdl\bin\systf.dll'
# ELAB2: Create instances ...
# ELAB2: Create instances complete.
# SLP: Started
# SLP: Elaboration phase ...
# SLP: Warning: wb_master.v (104): Length of connection (32) does not match the length of port 'DISABLE_IN' (1) on instance '/tb_controller/u0/delay_ins'.
# SLP: Warning: TOP.v (59): Length of connection (32) does not match the length of port 'ufm_page' (11) on instance '/tb_controller/TOP_INST/UUT'.
# SLP: Warning: TOP.v (119): Length of connection (3) does not match the length of port 'GPIO_1' (8) on instance '/tb_controller/TOP_INST/GPIO_INST'.
# SLP: Warning: TOP.v (119): Length of connection (4) does not match the length of port 'GPIO_2' (8) on instance '/tb_controller/TOP_INST/GPIO_INST'.
# SLP: Warning: TOP.v (119): Length of connection (3) does not match the length of port 'GPIO_0' (8) on instance '/tb_controller/TOP_INST/GPIO_INST'.
# SLP: Warning: tb_controller.v (61): Length of connection (3) does not match the length of port 'adr' (8) on instance '/tb_controller/u0'.
# SLP: Elaboration phase ... done : 1.2 [s]
# SLP: Generation phase ...
# SLP: Generation phase ... done : 3.4 [s]
# SLP: Finished : 4.6 [s]
# SLP: 465 (9.74%) primitives and 4309 (90.26%) other processes in SLP
# SLP: 15784 (99.92%) signals in SLP and 12 (0.08%) interface signals
# ELAB2: Elaboration final pass complete - time: 4.8 [s].
# KERNEL: SLP loading done - time: 0.1 [s].
# KERNEL: Warning: You are using the Active-HDL Lattice Edition. The performance of simulation is running at a reduced rate.
# KERNEL: Warning: Contact Aldec for available upgrade options - sales@aldec.com.
# KERNEL: SLP simulation initialization done - time: 0.0 [s].
# KERNEL: Kernel process initialization done.
# Allocation: Simulator allocated 16212 kB (elbread=4104 elab2=11692 kernel=415 sdf=0)
# KERNEL: ASDB file was created in location E:\work\controller_cpld\bld\controller_active\src\wave.asdb
#  13:49, 2015年1月25日
#  Simulation has been initialized
#  Selected Top-Level: tb_controller (tb_controller)
# Waveform file 'untitled.awc' connected to 'E:/work/controller_cpld/bld/controller_active/src/wave.asdb'.
run
# KERNEL: Configuration complete. EFB now in user mode.                 820
# KERNEL: *************************** Write UFM test begin ***************************
# KERNEL: 
# KERNEL:   *** Eable UFM ***
# KERNEL: The I2C write 11 and 04
# KERNEL: The I2C write 10 and 01
# KERNEL:   *** Write RAM0 *** time   0
# KERNEL: The I2C write 12 and 00
# KERNEL: The I2C write 13 and 22
# KERNEL: The I2C write 10 and 06
# KERNEL:   *** Write RAM0 *** time   1
# KERNEL: The I2C write 12 and 01
# KERNEL: The I2C write 13 and 22
# KERNEL: The I2C write 10 and 06
# KERNEL:   *** Write RAM0 *** time   2
# KERNEL: The I2C write 12 and 02
# KERNEL: The I2C write 13 and 22
# KERNEL: The I2C write 10 and 06
# KERNEL:   *** Write RAM0 *** time   3
# KERNEL: The I2C write 12 and 03
# KERNEL: The I2C write 13 and 22
# KERNEL: The I2C write 10 and 06
# KERNEL:   *** Write RAM0 *** time   4
# KERNEL: The I2C write 12 and 04
# KERNEL: The I2C write 13 and 22
# KERNEL: The I2C write 10 and 06
# KERNEL:   *** Write RAM0 *** time   5
# KERNEL: The I2C write 12 and 05
# KERNEL: The I2C write 13 and 22
# KERNEL: The I2C write 10 and 06
# KERNEL:   *** Write RAM0 *** time   6
# KERNEL: The I2C write 12 and 06
# KERNEL: The I2C write 13 and 22
# KERNEL: The I2C write 10 and 06
# KERNEL:   *** Write RAM0 *** time   7
# KERNEL: The I2C write 12 and 07
# KERNEL: The I2C write 13 and 22
# KERNEL: The I2C write 10 and 06
# KERNEL:   *** Write RAM0 *** time   8
# KERNEL: The I2C write 12 and 08
# KERNEL: The I2C write 13 and 22
# KERNEL: The I2C write 10 and 06
# KERNEL:   *** Write RAM0 *** time   9
# KERNEL: The I2C write 12 and 09
# KERNEL: The I2C write 13 and 22
# KERNEL: The I2C write 10 and 06
# KERNEL:   *** Write RAM0 *** time  10
# KERNEL: The I2C write 12 and 0a
# KERNEL: The I2C write 13 and 22
# KERNEL: The I2C write 10 and 06
# KERNEL:   *** Write RAM0 *** time  11
# KERNEL: The I2C write 12 and 0b
# KERNEL: The I2C write 13 and 22
# KERNEL: The I2C write 10 and 06
# KERNEL:   *** Write RAM0 *** time  12
# KERNEL: The I2C write 12 and 0c
# KERNEL: The I2C write 13 and 22
# KERNEL: The I2C write 10 and 06
# KERNEL:   *** Write RAM0 *** time  13
# KERNEL: The I2C write 12 and 0d
# KERNEL: The I2C write 13 and 22
# KERNEL: The I2C write 10 and 06
# KERNEL:   *** Write RAM0 *** time  14
# KERNEL: The I2C write 12 and 0e
# KERNEL: The I2C write 13 and 22
# KERNEL: The I2C write 10 and 06
# KERNEL:   *** Write RAM0 *** time  15
# KERNEL: The I2C write 12 and 0f
# KERNEL: The I2C write 13 and 22
# KERNEL: The I2C write 10 and 06
# KERNEL:  *** Write UFM0 ***
# KERNEL: The I2C write 11 and 02
# KERNEL: The I2C write 10 and 01
# KERNEL:   *** Write RAM1 *** time   0
# KERNEL: The I2C write 12 and 00
# KERNEL: The I2C write 13 and 22
# KERNEL: The I2C write 10 and 06
# KERNEL:   *** Write RAM1 *** time   1
# KERNEL: The I2C write 12 and 01
# KERNEL: The I2C write 13 and 22
# KERNEL: The I2C write 10 and 06
# KERNEL:   *** Write RAM1 *** time   2
# KERNEL: The I2C write 12 and 02
# KERNEL: The I2C write 13 and 22
# KERNEL: The I2C write 10 and 06
# KERNEL:   *** Write RAM1 *** time   3
# KERNEL: The I2C write 12 and 03
# KERNEL: The I2C write 13 and 22
# KERNEL: The I2C write 10 and 06
# KERNEL:   *** Write RAM1 *** time   4
# KERNEL: The I2C write 12 and 04
# KERNEL: The I2C write 13 and 22
# KERNEL: The I2C write 10 and 06
# KERNEL:   *** Write RAM1 *** time   5
# KERNEL: The I2C write 12 and 05
# KERNEL: The I2C write 13 and 22
# KERNEL: The I2C write 10 and 06
# KERNEL:   *** Write RAM1 *** time   6
# KERNEL: The I2C write 12 and 06
# KERNEL: The I2C write 13 and 22
# KERNEL: The I2C write 10 and 06
# KERNEL:   *** Write RAM1 *** time   7
# KERNEL: The I2C write 12 and 07
# KERNEL: The I2C write 13 and 22
# KERNEL: The I2C write 10 and 06
# KERNEL:   *** Write RAM1 *** time   8
# KERNEL: The I2C write 12 and 08
# KERNEL: The I2C write 13 and 22
# KERNEL: The I2C write 10 and 06
# KERNEL:   *** Write RAM1 *** time   9
# KERNEL: The I2C write 12 and 09
# KERNEL: The I2C write 13 and 22
# KERNEL: The I2C write 10 and 06
# KERNEL:   *** Write RAM1 *** time  10
# KERNEL: The I2C write 12 and 0a
# KERNEL: The I2C write 13 and 22
# KERNEL: The I2C write 10 and 06
# KERNEL:   *** Write RAM1 *** time  11
# KERNEL: The I2C write 12 and 0b
# KERNEL: The I2C write 13 and 22
# KERNEL: The I2C write 10 and 06
# KERNEL:   *** Write RAM1 *** time  12
# KERNEL: The I2C write 12 and 0c
# KERNEL: The I2C write 13 and 22
# KERNEL: The I2C write 10 and 06
# KERNEL:   *** Write RAM1 *** time  13
# KERNEL: The I2C write 12 and 0d
# KERNEL: The I2C write 13 and 22
# KERNEL: The I2C write 10 and 06
# KERNEL:   *** Write RAM1 *** time  14
# KERNEL: The I2C write 12 and 0e
# KERNEL: The I2C write 13 and 22
# KERNEL: The I2C write 10 and 06
# KERNEL:   *** Write RAM1 *** time  15
# KERNEL: The I2C write 12 and 0f
# KERNEL: The I2C write 13 and 22
# KERNEL: The I2C write 10 and 06
# KERNEL:  *** Write UFM1 ***
# KERNEL: The I2C write 11 and 03
# KERNEL: The I2C write 10 and 01
# KERNEL:   *** Disable UFM ***
# KERNEL: The I2C write 11 and 05
# KERNEL: The I2C write 10 and 01
# KERNEL:   *** Write UFM Finish ***
# KERNEL: *************************** Read UFM test begin ***************************
# KERNEL: 
# KERNEL:   *** Eable UFM ***
# KERNEL: The I2C write 11 and 04
# KERNEL: The I2C write 10 and 01
# KERNEL:  *** Read UFM0 ***
# KERNEL: The I2C write 11 and 00
# KERNEL: The I2C write 10 and 01
# KERNEL:  *** Read UFM1 ***
# KERNEL: The I2C write 11 and 01
# KERNEL: The I2C write 10 and 01
# KERNEL:   *** Read RAM *** time   0
# KERNEL: The I2C write 12 and 00
# KERNEL: The I2C write 10 and 04
# KERNEL: The I2C write 06
# KERNEL: The I2C received 37
# KERNEL:   *** Read RAM *** time   1
# KERNEL: The I2C write 12 and 01
# KERNEL: The I2C write 10 and 04
# KERNEL: The I2C write 06
# KERNEL: The I2C received ed
# KERNEL:   *** Read RAM *** time   2
# KERNEL: The I2C write 12 and 02
# KERNEL: The I2C write 10 and 04
# KERNEL: The I2C write 06
# KERNEL: The I2C received 8e
# KERNEL:   *** Read RAM *** time   3
# KERNEL: The I2C write 12 and 03
# KERNEL: The I2C write 10 and 04
# KERNEL: The I2C write 06
# KERNEL: The I2C received 55
# KERNEL:   *** Read RAM *** time   4
# KERNEL: The I2C write 12 and 04
# KERNEL: The I2C write 10 and 04
# KERNEL: The I2C write 06
# KERNEL: The I2C received 62
# KERNEL:   *** Read RAM *** time   5
# KERNEL: The I2C write 12 and 05
# KERNEL: The I2C write 10 and 04
# KERNEL: The I2C write 06
# KERNEL: The I2C received 21
# KERNEL:   *** Read RAM *** time   6
# KERNEL: The I2C write 12 and 06
# KERNEL: The I2C write 10 and 04
# KERNEL: The I2C write 06
# KERNEL: The I2C received c0
# KERNEL:   *** Read RAM *** time   7
# KERNEL: The I2C write 12 and 07
# KERNEL: The I2C write 10 and 04
# KERNEL: The I2C write 06
# KERNEL: The I2C received 56
# KERNEL:   *** Read RAM *** time   8
# KERNEL: The I2C write 12 and 08
# KERNEL: The I2C write 10 and 04
# KERNEL: The I2C write 06
# KERNEL: The I2C received d4
# KERNEL:   *** Read RAM *** time   9
# KERNEL: The I2C write 12 and 09
# KERNEL: The I2C write 10 and 04
# KERNEL: The I2C write 06
# KERNEL: The I2C received 8a
# KERNEL:   *** Read RAM *** time  10
# KERNEL: The I2C write 12 and 0a
# KERNEL: The I2C write 10 and 04
# KERNEL: The I2C write 06
# KERNEL: The I2C received ce
# KERNEL:   *** Read RAM *** time  11
# KERNEL: The I2C write 12 and 0b
# KERNEL: The I2C write 10 and 04
# KERNEL: The I2C write 06
# KERNEL: The I2C received c6
# KERNEL:   *** Read RAM *** time  12
# KERNEL: The I2C write 12 and 0c
# KERNEL: The I2C write 10 and 04
# KERNEL: The I2C write 06
# KERNEL: The I2C received bd
# KERNEL:   *** Read RAM *** time  13
# KERNEL: The I2C write 12 and 0d
# KERNEL: The I2C write 10 and 04
# KERNEL: The I2C write 06
# KERNEL: The I2C received e8
# KERNEL:   *** Read RAM *** time  14
# KERNEL: The I2C write 12 and 0e
# KERNEL: The I2C write 10 and 04
# KERNEL: The I2C write 06
# KERNEL: The I2C received 2a
# KERNEL:   *** Read RAM *** time  15
# KERNEL: The I2C write 12 and 0f
# KERNEL: The I2C write 10 and 04
# KERNEL: The I2C write 06
# KERNEL: The I2C received 30
# KERNEL: *************************** UFM test stop ***************************
# KERNEL: 
# RUNTIME: Info: RUNTIME_0070 tb_controller.v (134): $stop called.
# KERNEL: Time: 97101740 ns,  Iteration: 0,  Instance: /tb_controller,  Process: @INITIAL#116_1@.
# KERNEL: stopped at delta: 0 at time 97101740 ns.
restart
# ELBREAD: Elaboration process.
# ELBREAD: Warning: Module 'efb_top' does not have a `timescale directive, but previous modules do.
# ELBREAD: Warning: Module 'spare_gate_efb_0' does not have a `timescale directive, but previous modules do.
# ELBREAD: Warning: Module 'spare_gate_efb_1' does not have a `timescale directive, but previous modules do.
# ELBREAD: Warning: Module 'spare_gate_efb_2' does not have a `timescale directive, but previous modules do.
# ELBREAD: Warning: Module 'spare_gate_efb_3' does not have a `timescale directive, but previous modules do.
# ELBREAD: Elaboration time 0.1 [s].
# 
# KERNEL: Main thread initiated.
# KERNEL: Kernel process initialization phase.
# KERNEL: Time resolution set to 1ps.
# ELAB2: Elaboration final pass...
# KERNEL: PLI/VHPI kernel's engine initialization done.
# PLI: Loading library 'D:\lscc\diamond\3.2_x64\active-hdl\bin\systf.dll'
# ELAB2: Create instances ...
# ELAB2: Create instances complete.
# SLP: Started
# SLP: Finished. Using existing simulator library
# SLP: 465 (9.74%) primitives and 4309 (90.26%) other processes in SLP
# SLP: 15784 (99.92%) signals in SLP and 12 (0.08%) interface signals
# ELAB2: Elaboration final pass complete - time: 0.4 [s].
# KERNEL: SLP loading done - time: 0.0 [s].
# KERNEL: Warning: You are using the Active-HDL Lattice Edition. The performance of simulation is running at a reduced rate.
# KERNEL: Warning: Contact Aldec for available upgrade options - sales@aldec.com.
# KERNEL: SLP simulation initialization done - time: 0.0 [s].
# KERNEL: Kernel process initialization done.
# Allocation: Simulator allocated 16212 kB (elbread=4104 elab2=11692 kernel=415 sdf=0)
# KERNEL: ASDB file was created in location E:\work\controller_cpld\bld\controller_active\src\wave.asdb
#  14:27, 2015年1月25日
#  Simulation has been initialized
#  Selected Top-Level: tb_controller (tb_controller)
# Waveform file 'untitled.awc' connected to 'E:/work/controller_cpld/bld/controller_active/src/wave.asdb'.
run
alog -O2 -sve   -work work $dsn/../../sim/tb_controller.v
# Warning: The source is compiled without the -dbg switch. Line breakpoints and assertion debug will not be available.
# Compile...
# Pass 1. Scanning modules hierarchy.
# Info: VCP2113 Module \$root found in current working library.
# Info: VCP2113 Module wb_master found in current working library.
# Info: VCP2113 Module DELAY found in current working library.
# Info: VCP2113 Module i2c_master_wb_top found in current working library.
# Info: VCP2113 Module i2c_master_byte_ctrl found in current working library.
# Info: VCP2113 Module i2c_master_bit_ctrl found in current working library.
# Info: VCP2113 Module i2c_master_registers found in current working library.
# Info: VCP2113 Module TOP found in current working library.
# Info: VCP2113 Module UFM_WB found in current working library.
# Info: VCP2113 Module I2C found in current working library.
# Info: VCP2113 Module GPIO found in current working library.
# Info: VCP2113 Module HEADER found in current working library.
# Info: VCP2113 Module DELAY found in current working library.
# Info: VCP2113 Module i2c_master_byte_ctrl found in current working library.
# Info: VCP2113 Module i2c_master_bit_ctrl found in current working library.
# Info: VCP2113 Module i2c_master_registers found in current working library.
# Info: VCP2113 Module UFM_WB found in current working library.
# Info: VCP2113 Module EFB_UFM found in current working library.
# Info: VCP2113 Module USR_MEM found in current working library.
# Info: VCP2113 Module I2C found in current working library.
# Info: VCP2113 Module GPIO found in current working library.
# Info: VCP2113 Module HEADER found in current working library.
# Info: VCP2113 Module EFB_UFM found in current working library.
# Info: VCP2113 Module USR_MEM found in current working library.
# Pass 2. Processing instantiations.
# Pass 3. Processing behavioral statements.
# Running Optimizer.
# ELB/DAG code generating.
# Info: VCP2113 Module \$root found in current working library.
# Unit top modules: tb_controller.
# $root top modules: tb_controller.
# Compile success 0 Errors 0 Warnings  Analysis time: 0[s].
# done
# ELBREAD: Elaboration process.
# ELBREAD: Warning: Module 'efb_top' does not have a `timescale directive, but previous modules do.
# ELBREAD: Warning: Module 'spare_gate_efb_0' does not have a `timescale directive, but previous modules do.
# ELBREAD: Warning: Module 'spare_gate_efb_1' does not have a `timescale directive, but previous modules do.
# ELBREAD: Warning: Module 'spare_gate_efb_2' does not have a `timescale directive, but previous modules do.
# ELBREAD: Warning: Module 'spare_gate_efb_3' does not have a `timescale directive, but previous modules do.
# ELBREAD: Elaboration time 0.1 [s].
# 
# KERNEL: Main thread initiated.
# KERNEL: Kernel process initialization phase.
# KERNEL: Time resolution set to 1ps.
# ELAB2: Elaboration final pass...
# KERNEL: PLI/VHPI kernel's engine initialization done.
# PLI: Loading library 'D:\lscc\diamond\3.2_x64\active-hdl\bin\systf.dll'
# ELAB2: Create instances ...
# ELAB2: Create instances complete.
# SLP: Started
# SLP: Elaboration phase ...
# SLP: Warning: wb_master.v (104): Length of connection (32) does not match the length of port 'DISABLE_IN' (1) on instance '/tb_controller/u0/delay_ins'.
# SLP: Warning: TOP.v (59): Length of connection (32) does not match the length of port 'ufm_page' (11) on instance '/tb_controller/TOP_INST/UUT'.
# SLP: Warning: TOP.v (119): Length of connection (3) does not match the length of port 'GPIO_1' (8) on instance '/tb_controller/TOP_INST/GPIO_INST'.
# SLP: Warning: TOP.v (119): Length of connection (4) does not match the length of port 'GPIO_2' (8) on instance '/tb_controller/TOP_INST/GPIO_INST'.
# SLP: Warning: TOP.v (119): Length of connection (3) does not match the length of port 'GPIO_0' (8) on instance '/tb_controller/TOP_INST/GPIO_INST'.
# SLP: Warning: tb_controller.v (61): Length of connection (3) does not match the length of port 'adr' (8) on instance '/tb_controller/u0'.
# SLP: Elaboration phase ... done : 1.2 [s]
# SLP: Generation phase ...
# SLP: Generation phase ... done : 3.5 [s]
# SLP: Finished : 4.7 [s]
# SLP: 465 (9.74%) primitives and 4309 (90.26%) other processes in SLP
# SLP: 15784 (99.92%) signals in SLP and 12 (0.08%) interface signals
# ELAB2: Elaboration final pass complete - time: 5.0 [s].
# KERNEL: SLP loading done - time: 0.1 [s].
# KERNEL: Warning: You are using the Active-HDL Lattice Edition. The performance of simulation is running at a reduced rate.
# KERNEL: Warning: Contact Aldec for available upgrade options - sales@aldec.com.
# KERNEL: SLP simulation initialization done - time: 0.0 [s].
# KERNEL: Kernel process initialization done.
# Allocation: Simulator allocated 16215 kB (elbread=4104 elab2=11695 kernel=415 sdf=0)
# KERNEL: ASDB file was created in location E:\work\controller_cpld\bld\controller_active\src\wave.asdb
#  14:27, 2015年1月25日
#  Simulation has been initialized
#  Selected Top-Level: tb_controller (tb_controller)
# Waveform file 'untitled.awc' connected to 'E:/work/controller_cpld/bld/controller_active/src/wave.asdb'.
run
# KERNEL: Configuration complete. EFB now in user mode.                 820
# KERNEL: *************************** Write UFM test begin ***************************
# KERNEL: 
# KERNEL:   *** Erase UFM ***
# KERNEL: The I2C write 11 and 07
# KERNEL: The I2C write 10 and 01
# KERNEL:   *** Eable UFM ***
# KERNEL: The I2C write 11 and 04
# KERNEL: The I2C write 10 and 01
# KERNEL:   *** Write RAM0 *** time   0
# KERNEL: The I2C write 12 and 00
# KERNEL: The I2C write 13 and 22
# KERNEL: The I2C write 10 and 06
# KERNEL:   *** Write RAM0 *** time   1
# KERNEL: The I2C write 12 and 01
# KERNEL: The I2C write 13 and 22
# KERNEL: The I2C write 10 and 06
# KERNEL:   *** Write RAM0 *** time   2
# KERNEL: The I2C write 12 and 02
# KERNEL: The I2C write 13 and 22
# KERNEL: The I2C write 10 and 06
# KERNEL:   *** Write RAM0 *** time   3
# KERNEL: The I2C write 12 and 03
# KERNEL: The I2C write 13 and 22
# KERNEL: The I2C write 10 and 06
# KERNEL:   *** Write RAM0 *** time   4
# KERNEL: The I2C write 12 and 04
# KERNEL: The I2C write 13 and 22
# KERNEL: The I2C write 10 and 06
# KERNEL:   *** Write RAM0 *** time   5
# KERNEL: The I2C write 12 and 05
# KERNEL: The I2C write 13 and 22
# KERNEL: The I2C write 10 and 06
# KERNEL:   *** Write RAM0 *** time   6
# KERNEL: The I2C write 12 and 06
# KERNEL: The I2C write 13 and 22
# KERNEL: The I2C write 10 and 06
# KERNEL:   *** Write RAM0 *** time   7
# KERNEL: The I2C write 12 and 07
# KERNEL: The I2C write 13 and 22
# KERNEL: The I2C write 10 and 06
# KERNEL:   *** Write RAM0 *** time   8
# KERNEL: The I2C write 12 and 08
# KERNEL: The I2C write 13 and 22
# KERNEL: The I2C write 10 and 06
# KERNEL:   *** Write RAM0 *** time   9
# KERNEL: The I2C write 12 and 09
# KERNEL: The I2C write 13 and 22
# KERNEL: The I2C write 10 and 06
# KERNEL:   *** Write RAM0 *** time  10
# KERNEL: The I2C write 12 and 0a
# KERNEL: The I2C write 13 and 22
# KERNEL: The I2C write 10 and 06
# KERNEL:   *** Write RAM0 *** time  11
# KERNEL: The I2C write 12 and 0b
# KERNEL: The I2C write 13 and 22
# KERNEL: The I2C write 10 and 06
# KERNEL:   *** Write RAM0 *** time  12
# KERNEL: The I2C write 12 and 0c
# KERNEL: The I2C write 13 and 22
# KERNEL: The I2C write 10 and 06
# KERNEL:   *** Write RAM0 *** time  13
# KERNEL: The I2C write 12 and 0d
# KERNEL: The I2C write 13 and 22
# KERNEL: The I2C write 10 and 06
# KERNEL:   *** Write RAM0 *** time  14
# KERNEL: The I2C write 12 and 0e
# KERNEL: The I2C write 13 and 22
# KERNEL: The I2C write 10 and 06
# KERNEL:   *** Write RAM0 *** time  15
# KERNEL: The I2C write 12 and 0f
# KERNEL: The I2C write 13 and 22
# KERNEL: The I2C write 10 and 06
# KERNEL:  *** Write UFM0 ***
# KERNEL: The I2C write 11 and 02
# KERNEL: The I2C write 10 and 01
# KERNEL:   *** Write RAM1 *** time   0
# KERNEL: The I2C write 12 and 00
# KERNEL: The I2C write 13 and 22
# KERNEL: The I2C write 10 and 06
# KERNEL:   *** Write RAM1 *** time   1
# KERNEL: The I2C write 12 and 01
# KERNEL: The I2C write 13 and 22
# KERNEL: The I2C write 10 and 06
# KERNEL:   *** Write RAM1 *** time   2
# KERNEL: The I2C write 12 and 02
# KERNEL: The I2C write 13 and 22
# KERNEL: The I2C write 10 and 06
# KERNEL:   *** Write RAM1 *** time   3
# KERNEL: The I2C write 12 and 03
# KERNEL: The I2C write 13 and 22
# KERNEL: The I2C write 10 and 06
# KERNEL:   *** Write RAM1 *** time   4
# KERNEL: The I2C write 12 and 04
# KERNEL: The I2C write 13 and 22
# KERNEL: The I2C write 10 and 06
# KERNEL:   *** Write RAM1 *** time   5
# KERNEL: The I2C write 12 and 05
# KERNEL: The I2C write 13 and 22
# KERNEL: The I2C write 10 and 06
# KERNEL:   *** Write RAM1 *** time   6
# KERNEL: The I2C write 12 and 06
# KERNEL: The I2C write 13 and 22
# KERNEL: The I2C write 10 and 06
# KERNEL:   *** Write RAM1 *** time   7
# KERNEL: The I2C write 12 and 07
# KERNEL: The I2C write 13 and 22
# KERNEL: The I2C write 10 and 06
# KERNEL:   *** Write RAM1 *** time   8
# KERNEL: The I2C write 12 and 08
# KERNEL: The I2C write 13 and 22
# KERNEL: The I2C write 10 and 06
# KERNEL:   *** Write RAM1 *** time   9
# KERNEL: The I2C write 12 and 09
# KERNEL: The I2C write 13 and 22
# KERNEL: The I2C write 10 and 06
# KERNEL:   *** Write RAM1 *** time  10
# KERNEL: The I2C write 12 and 0a
# KERNEL: The I2C write 13 and 22
# KERNEL: The I2C write 10 and 06
# KERNEL:   *** Write RAM1 *** time  11
# KERNEL: The I2C write 12 and 0b
# KERNEL: The I2C write 13 and 22
# KERNEL: The I2C write 10 and 06
# KERNEL:   *** Write RAM1 *** time  12
# KERNEL: The I2C write 12 and 0c
# KERNEL: The I2C write 13 and 22
# KERNEL: The I2C write 10 and 06
# KERNEL:   *** Write RAM1 *** time  13
# KERNEL: The I2C write 12 and 0d
# KERNEL: The I2C write 13 and 22
# KERNEL: The I2C write 10 and 06
# KERNEL:   *** Write RAM1 *** time  14
# KERNEL: The I2C write 12 and 0e
# KERNEL: The I2C write 13 and 22
# KERNEL: The I2C write 10 and 06
# KERNEL:   *** Write RAM1 *** time  15
# KERNEL: The I2C write 12 and 0f
# KERNEL: The I2C write 13 and 22
# KERNEL: The I2C write 10 and 06
# KERNEL:  *** Write UFM1 ***
# KERNEL: The I2C write 11 and 03
# KERNEL: The I2C write 10 and 01
# KERNEL:   *** Disable UFM ***
# KERNEL: The I2C write 11 and 05
# KERNEL: The I2C write 10 and 01
# KERNEL:   *** Write UFM Finish ***
# KERNEL: *************************** Read UFM test begin ***************************
# KERNEL: 
# KERNEL:   *** Eable UFM ***
# KERNEL: The I2C write 11 and 04
# KERNEL: The I2C write 10 and 01
# KERNEL:  *** Read UFM0 ***
# KERNEL: The I2C write 11 and 00
# KERNEL: The I2C write 10 and 01
# KERNEL:  *** Read UFM1 ***
# KERNEL: The I2C write 11 and 01
# KERNEL: The I2C write 10 and 01
# KERNEL:   *** Read RAM *** time   0
# KERNEL: The I2C write 12 and 00
# KERNEL: The I2C write 10 and 04
# KERNEL: The I2C write 06
# KERNEL: The I2C received 37
# KERNEL:   *** Read RAM *** time   1
# KERNEL: The I2C write 12 and 01
# KERNEL: The I2C write 10 and 04
# KERNEL: The I2C write 06
# KERNEL: The I2C received ed
# KERNEL:   *** Read RAM *** time   2
# KERNEL: The I2C write 12 and 02
# KERNEL: The I2C write 10 and 04
# KERNEL: The I2C write 06
# KERNEL: The I2C received 8e
# KERNEL:   *** Read RAM *** time   3
# KERNEL: The I2C write 12 and 03
# KERNEL: The I2C write 10 and 04
# KERNEL: The I2C write 06
# KERNEL: The I2C received 55
# KERNEL:   *** Read RAM *** time   4
# KERNEL: The I2C write 12 and 04
# KERNEL: The I2C write 10 and 04
# KERNEL: The I2C write 06
# KERNEL: The I2C received 62
# KERNEL:   *** Read RAM *** time   5
# KERNEL: The I2C write 12 and 05
# KERNEL: The I2C write 10 and 04
# KERNEL: The I2C write 06
# KERNEL: The I2C received 21
# KERNEL:   *** Read RAM *** time   6
# KERNEL: The I2C write 12 and 06
# KERNEL: The I2C write 10 and 04
# KERNEL: The I2C write 06
# KERNEL: The I2C received c0
# KERNEL:   *** Read RAM *** time   7
# KERNEL: The I2C write 12 and 07
# KERNEL: The I2C write 10 and 04
# KERNEL: The I2C write 06
# KERNEL: The I2C received 56
# KERNEL:   *** Read RAM *** time   8
# KERNEL: The I2C write 12 and 08
# KERNEL: The I2C write 10 and 04
# KERNEL: The I2C write 06
# KERNEL: The I2C received d4
# KERNEL:   *** Read RAM *** time   9
# KERNEL: The I2C write 12 and 09
# KERNEL: The I2C write 10 and 04
# KERNEL: The I2C write 06
# KERNEL: The I2C received 8a
# KERNEL:   *** Read RAM *** time  10
# KERNEL: The I2C write 12 and 0a
# KERNEL: The I2C write 10 and 04
# KERNEL: The I2C write 06
# KERNEL: The I2C received ce
# KERNEL:   *** Read RAM *** time  11
# KERNEL: The I2C write 12 and 0b
# KERNEL: The I2C write 10 and 04
# KERNEL: The I2C write 06
# KERNEL: The I2C received c6
# KERNEL:   *** Read RAM *** time  12
# KERNEL: The I2C write 12 and 0c
# KERNEL: The I2C write 10 and 04
# KERNEL: The I2C write 06
# KERNEL: The I2C received bd
# KERNEL:   *** Read RAM *** time  13
# KERNEL: The I2C write 12 and 0d
# KERNEL: The I2C write 10 and 04
# KERNEL: The I2C write 06
# KERNEL: The I2C received e8
# KERNEL:   *** Read RAM *** time  14
# KERNEL: The I2C write 12 and 0e
# KERNEL: The I2C write 10 and 04
# KERNEL: The I2C write 06
# KERNEL: The I2C received 2a
# KERNEL:   *** Read RAM *** time  15
# KERNEL: The I2C write 12 and 0f
# KERNEL: The I2C write 10 and 04
# KERNEL: The I2C write 06
# KERNEL: The I2C received 30
# KERNEL: *************************** UFM test stop ***************************
# KERNEL: 
# RUNTIME: Info: RUNTIME_0070 tb_controller.v (134): $stop called.
# KERNEL: Time: 98281420 ns,  Iteration: 0,  Instance: /tb_controller,  Process: @INITIAL#116_1@.
# KERNEL: stopped at delta: 0 at time 98281420 ns.
#  Simulation has been stopped
# Adding file E:\work\controller_cpld\bld\controller_active\src\untitled.asdb ... Done
# Adding file E:\work\controller_cpld\bld\controller_active\src\untitled.awc ... Done
